TN:
SF:src/App.tsx
FN:63,App
FNF:1
FNH:0
FNDA:0,App
DA:65,0
LF:1
LH:0
BRF:0
BRH:0
end_of_record
TN:
SF:src/index.tsx
FNF:0
FNH:0
DA:11,0
DA:14,0
DA:30,0
LF:3
LH:0
BRF:0
BRH:0
end_of_record
TN:
SF:src/linkArray.ts
FNF:0
FNH:0
DA:14,0
LF:1
LH:0
BRF:0
BRH:0
end_of_record
TN:
SF:src/reportWebVitals.ts
FN:3,(anonymous_0)
FN:5,(anonymous_1)
FNF:2
FNH:0
FNDA:0,(anonymous_0)
FNDA:0,(anonymous_1)
DA:3,0
DA:4,0
DA:5,0
DA:6,0
DA:7,0
DA:8,0
DA:9,0
DA:10,0
LF:8
LH:0
BRDA:4,0,0,0
BRDA:4,0,1,0
BRDA:4,1,0,0
BRDA:4,1,1,0
BRF:4
BRH:0
end_of_record
TN:
SF:src/types.ts
FNF:0
FNH:0
LF:0
LH:0
BRF:0
BRH:0
end_of_record
TN:
SF:src/api/axios.ts
FNF:0
FNH:0
DA:2,0
DA:8,0
LF:2
LH:0
BRF:0
BRH:0
end_of_record
TN:
SF:src/assets/images/React App_files/bundle.js
FN:1,(anonymous_0)
FN:8,(anonymous_1)
FN:13,(anonymous_2)
FN:14,(anonymous_3)
FN:19,_extends
FN:19,(anonymous_5)
FN:21,SvgIconArrowRight
FN:51,(anonymous_7)
FN:56,(anonymous_8)
FN:57,(anonymous_9)
FN:62,_extends
FN:62,(anonymous_11)
FN:64,SvgIconCodepen
FN:94,(anonymous_13)
FN:99,(anonymous_14)
FN:100,(anonymous_15)
FN:105,_extends
FN:105,(anonymous_17)
FN:107,SvgIconCodewars
FN:144,(anonymous_19)
FN:149,(anonymous_20)
FN:150,(anonymous_21)
FN:155,_extends
FN:155,(anonymous_23)
FN:157,SvgIconDevto
FN:202,(anonymous_25)
FN:207,(anonymous_26)
FN:208,(anonymous_27)
FN:213,_extends
FN:213,(anonymous_29)
FN:215,SvgIconEmail
FN:245,(anonymous_31)
FN:250,(anonymous_32)
FN:251,(anonymous_33)
FN:256,_extends
FN:256,(anonymous_35)
FN:258,SvgIconFacebook
FN:295,(anonymous_37)
FN:300,(anonymous_38)
FN:301,(anonymous_39)
FN:306,_extends
FN:306,(anonymous_41)
FN:308,SvgIconFreecodecamp
FN:345,(anonymous_43)
FN:350,(anonymous_44)
FN:351,(anonymous_45)
FN:356,_extends
FN:356,(anonymous_47)
FN:358,SvgIconGithub
FN:395,(anonymous_49)
FN:400,(anonymous_50)
FN:401,(anonymous_51)
FN:406,_extends
FN:406,(anonymous_53)
FN:408,SvgIconGitlab
FN:438,(anonymous_55)
FN:443,(anonymous_56)
FN:444,(anonymous_57)
FN:449,_extends
FN:449,(anonymous_59)
FN:451,SvgIconHashnode
FN:488,(anonymous_61)
FN:493,(anonymous_62)
FN:494,(anonymous_63)
FN:499,_extends
FN:499,(anonymous_65)
FN:501,SvgIconLink
FN:531,(anonymous_67)
FN:536,(anonymous_68)
FN:537,(anonymous_69)
FN:542,_extends
FN:542,(anonymous_71)
FN:544,SvgIconLinkedin
FN:574,(anonymous_73)
FN:579,(anonymous_74)
FN:580,(anonymous_75)
FN:585,_extends
FN:585,(anonymous_77)
FN:587,SvgIconProfileDetailsHeader
FN:617,(anonymous_79)
FN:622,(anonymous_80)
FN:623,(anonymous_81)
FN:628,_extends
FN:628,(anonymous_83)
FN:630,SvgIconTwitch
FN:660,(anonymous_85)
FN:665,(anonymous_86)
FN:666,(anonymous_87)
FN:671,_extends
FN:671,(anonymous_89)
FN:673,SvgIconTwitter
FN:703,(anonymous_91)
FN:708,(anonymous_92)
FN:709,(anonymous_93)
FN:714,_extends
FN:714,(anonymous_95)
FN:716,SvgIconYoutube
FN:746,(anonymous_97)
FN:751,(anonymous_98)
FN:752,(anonymous_99)
FN:757,_extends
FN:757,(anonymous_101)
FN:759,SvgIllustrationEmpty
FN:852,(anonymous_103)
FN:857,(anonymous_104)
FN:858,(anonymous_105)
FN:863,_extends
FN:863,(anonymous_107)
FN:865,SvgLogoDevlinksLarge
FN:903,(anonymous_109)
FN:908,(anonymous_110)
FN:909,(anonymous_111)
FN:914,_extends
FN:914,(anonymous_113)
FN:916,SvgLogoDevlinksSmall
FN:948,(anonymous_115)
FN:953,(anonymous_116)
FN:965,App
FN:989,$ReactRefreshModuleRuntime$
FN:1021,(anonymous_119)
FN:1026,(anonymous_120)
FN:1049,AddnewLink
FN:1062,(anonymous_122)
FN:1074,(anonymous_123)
FN:1107,(anonymous_124)
FN:1152,(anonymous_125)
FN:1154,(anonymous_126)
FN:1238,(anonymous_127)
FN:1297,$ReactRefreshModuleRuntime$
FN:1329,(anonymous_129)
FN:1334,(anonymous_130)
FN:1347,Button
FN:1376,$ReactRefreshModuleRuntime$
FN:1408,(anonymous_133)
FN:1413,(anonymous_134)
FN:1430,Logo
FN:1454,$ReactRefreshModuleRuntime$
FN:1486,(anonymous_137)
FN:1491,(anonymous_138)
FN:1504,Tabs
FN:1543,$ReactRefreshModuleRuntime$
FN:1575,(anonymous_141)
FN:1580,(anonymous_142)
FN:1581,(anonymous_143)
FN:1582,(anonymous_144)
FN:1583,(anonymous_145)
FN:1596,MHeader
FN:1611,SHeader
FN:1626,MBody
FN:1641,SBody
FN:1667,$ReactRefreshModuleRuntime$
FN:1699,(anonymous_151)
FN:1754,$ReactRefreshModuleRuntime$
FN:1786,(anonymous_153)
FN:1791,(anonymous_154)
FN:1920,$ReactRefreshModuleRuntime$
FN:1952,(anonymous_156)
FN:1957,(anonymous_157)
FN:1984,CustomeLink
FN:1997,(anonymous_159)
FN:1998,(anonymous_160)
FN:2009,(anonymous_161)
FN:2012,(anonymous_162)
FN:2017,(anonymous_163)
FN:2018,(anonymous_164)
FN:2032,(anonymous_165)
FN:2037,(anonymous_166)
FN:2052,(anonymous_167)
FN:2054,(anonymous_168)
FN:2072,(anonymous_169)
FN:2073,(anonymous_170)
FN:2078,(anonymous_171)
FN:2096,(anonymous_172)
FN:2100,(anonymous_173)
FN:2109,(anonymous_174)
FN:2112,(anonymous_175)
FN:2113,(anonymous_176)
FN:2122,(anonymous_177)
FN:2275,(anonymous_178)
FN:2287,$ReactRefreshModuleRuntime$
FN:2319,(anonymous_180)
FN:2324,(anonymous_181)
FN:2353,Customize
FN:2477,$ReactRefreshModuleRuntime$
FN:2509,(anonymous_184)
FN:2514,(anonymous_185)
FN:2678,PhonePreview
FN:2684,(anonymous_187)
FN:2686,(anonymous_188)
FN:2890,(anonymous_189)
FN:2975,(anonymous_190)
FN:2987,$ReactRefreshModuleRuntime$
FN:3019,(anonymous_192)
FN:3024,(anonymous_193)
FN:3029,(anonymous_194)
FN:3031,(anonymous_195)
FN:3053,$ReactRefreshModuleRuntime$
FN:3085,(anonymous_197)
FN:3090,(anonymous_198)
FN:3091,(anonymous_199)
FN:3102,(anonymous_200)
FN:3108,(anonymous_201)
FN:3126,$ReactRefreshModuleRuntime$
FN:3158,(anonymous_203)
FN:3163,(anonymous_204)
FN:3164,(anonymous_205)
FN:3165,(anonymous_206)
FN:3166,(anonymous_207)
FN:3181,(anonymous_208)
FN:3185,(anonymous_209)
FN:3202,$ReactRefreshModuleRuntime$
FN:3234,(anonymous_211)
FN:3239,(anonymous_212)
FN:3240,(anonymous_213)
FN:3241,(anonymous_214)
FN:3259,(anonymous_215)
FN:3263,(anonymous_216)
FN:3292,$ReactRefreshModuleRuntime$
FN:3324,(anonymous_218)
FN:3329,(anonymous_219)
FN:3330,(anonymous_220)
FN:3331,(anonymous_221)
FN:3355,(anonymous_222)
FN:3373,$ReactRefreshModuleRuntime$
FN:3405,(anonymous_224)
FN:3410,(anonymous_225)
FN:3411,(anonymous_226)
FN:3412,(anonymous_227)
FN:3428,(anonymous_228)
FN:3431,(anonymous_229)
FN:3447,$ReactRefreshModuleRuntime$
FN:3479,(anonymous_231)
FN:3484,(anonymous_232)
FN:3485,(anonymous_233)
FN:3486,(anonymous_234)
FN:3500,(anonymous_235)
FN:3504,(anonymous_236)
FN:3512,(anonymous_237)
FN:3524,(anonymous_238)
FN:3525,(anonymous_239)
FN:3540,$ReactRefreshModuleRuntime$
FN:3572,(anonymous_241)
FN:3577,(anonymous_242)
FN:3578,(anonymous_243)
FN:3589,(anonymous_244)
FN:3604,$ReactRefreshModuleRuntime$
FN:3636,(anonymous_246)
FN:3641,(anonymous_247)
FN:3682,$ReactRefreshModuleRuntime$
FN:3714,(anonymous_249)
FN:3719,(anonymous_250)
FN:3720,(anonymous_251)
FN:3721,(anonymous_252)
FN:3735,(anonymous_253)
FN:3738,(anonymous_254)
FN:3739,(anonymous_255)
FN:3754,$ReactRefreshModuleRuntime$
FN:3786,(anonymous_257)
FN:3796,getModuleExports
FN:3814,(anonymous_259)
FN:3829,getReactRefreshBoundarySignature
FN:3854,getWebpackHotData
FN:3865,createDebounceUpdate
FN:3877,enqueueUpdate
FN:3879,(anonymous_264)
FN:3896,isReactRefreshBoundary
FN:3934,registerExportsForReactRefresh
FN:3964,shouldInvalidateReactRefreshBoundary
FN:3976,executeRuntime
FN:3992,hotDisposeCallback
FN:4002,hotErrorHandler
FN:4022,updateCallback
FN:4050,(anonymous_272)
FN:4102,(anonymous_273)
FN:4111,ansiHTML
FN:4120,(anonymous_275)
FN:4152,(anonymous_276)
FN:4167,(anonymous_277)
FN:4192,(anonymous_278)
FN:4203,(anonymous_279)
FN:4208,(anonymous_280)
FN:4216,_setTags
FN:4239,(anonymous_282)
FN:4248,(anonymous_283)
FN:4252,toString
FN:4253,(anonymous_285)
FN:4280,i
FN:4334,(anonymous_287)
FN:4339,(anonymous_288)
FN:4370,(anonymous_289)
FN:4375,(anonymous_290)
FN:4396,(anonymous_291)
FN:4423,ReflectApply
FN:4430,ReflectOwnKeys
FN:4434,ReflectOwnKeys
FN:4438,ProcessEmitWarning
FN:4441,NumberIsNaN
FN:4444,EventEmitter
FN:4459,checkListener
FN:4466,(anonymous_299)
FN:4469,(anonymous_300)
FN:4476,(anonymous_301)
FN:4486,setMaxListeners
FN:4493,_getMaxListeners
FN:4497,getMaxListeners
FN:4500,emit
FN:4532,_addListener
FN:4584,addListener
FN:4588,prependListener
FN:4591,onceWrapper
FN:4599,_onceWrap
FN:4612,once
FN:4617,prependOnceListener
FN:4624,removeListener
FN:4655,removeAllListeners
FN:4696,_listeners
FN:4704,listeners
FN:4707,rawListeners
FN:4710,(anonymous_318)
FN:4718,listenerCount
FN:4730,eventNames
FN:4733,arrayClone
FN:4738,spliceOne
FN:4742,unwrapListeners
FN:4749,once
FN:4750,(anonymous_325)
FN:4751,errorListener
FN:4755,resolver
FN:4772,addErrorHandlerIfEventEmitter
FN:4777,eventTargetAgnosticAddListener
FN:4787,wrapListener
FN:4806,(anonymous_331)
FN:4811,(anonymous_332)
FN:4812,(anonymous_333)
FN:4843,encode
FN:4917,decodeEntity
FN:4939,decode
FN:4998,(anonymous_337)
FN:9396,(anonymous_338)
FN:9441,(anonymous_339)
FN:9449,(anonymous_340)
FN:9452,(anonymous_341)
FN:9454,(anonymous_342)
FN:9466,(anonymous_343)
FN:9482,(anonymous_344)
FN:9493,setSuppressWarning
FN:9503,warn
FN:9513,error
FN:9523,printWarning
FN:9534,(anonymous_349)
FN:9627,registerTwoPhaseEvent
FN:9631,registerDirectEvent
FN:9662,typeName
FN:9671,willCoercionThrow
FN:9681,testStringCoercion
FN:9707,checkAttributeStringCoercion
FN:9715,checkKeyStringCoercion
FN:9723,checkPropStringCoercion
FN:9731,checkCSSPropertyStringCoercion
FN:9739,checkHtmlStringCoercion
FN:9747,checkFormFieldValueStringCoercion
FN:9791,isAttributeNameSafe
FN:9808,shouldIgnoreAttribute
FN:9820,shouldRemoveAttributeWithWarning
FN:9846,shouldRemoveAttribute
FN:9870,getPropertyInfo
FN:9873,PropertyInfoRecord
FN:9893,(anonymous_367)
FN:9906,(anonymous_368)
FN:9922,(anonymous_369)
FN:9937,(anonymous_370)
FN:9954,(anonymous_371)
FN:9973,(anonymous_372)
FN:9989,(anonymous_373)
FN:10004,(anonymous_374)
FN:10016,(anonymous_375)
FN:10028,(anonymous_376)
FN:10039,(anonymous_377)
FN:10053,(anonymous_378)
FN:10065,(anonymous_379)
FN:10076,(anonymous_380)
FN:10095,(anonymous_381)
FN:10119,sanitizeURL
FN:10133,getValueForProperty
FN:10202,getValueForAttribute
FN:10228,setValueForProperty
FN:10320,getIteratorFn
FN:10344,disabledLog
FN:10346,disableLogs
FN:10379,reenableLogs
FN:10422,describeBuiltInComponentFrame
FN:10443,describeNativeComponentFrame
FN:10471,(anonymous_392)
FN:10476,(anonymous_393)
FN:10581,describeClassComponentFrame
FN:10586,describeFunctionComponentFrame
FN:10591,shouldConstruct
FN:10595,describeUnknownElementTypeFrameInDEV
FN:10634,describeFiber
FN:10658,getStackByFiberInDevAndProd
FN:10671,getWrappedName
FN:10680,getContextName
FN:10684,getComponentNameFromType
FN:10747,getWrappedName$1
FN:10752,getContextName$1
FN:10755,getComponentNameFromFiber
FN:10824,getCurrentFiberOwnerNameInDevOrNull
FN:10836,getCurrentFiberStackInDev
FN:10846,resetCurrentFiber
FN:10853,setCurrentFiber
FN:10860,getCurrentFiber
FN:10865,setIsRendering
FN:10874,toString
FN:10879,getToStringValue
FN:10905,checkControlledValueProps
FN:10915,isCheckable
FN:10920,getTracker
FN:10923,detachTracker
FN:10926,getValueFromNode
FN:10938,trackValueOnNode
FN:10956,(anonymous_420)
FN:10959,(anonymous_421)
FN:10975,(anonymous_422)
FN:10978,(anonymous_423)
FN:10984,(anonymous_424)
FN:10991,track
FN:10998,updateValueIfChanged
FN:11016,getActiveElement
FN:11031,isControlled
FN:11052,getHostProps
FN:11063,initWrapperState
FN:11083,updateChecked
FN:11090,updateWrapper
FN:11143,postMountWrapper
FN:11201,restoreControlledState
FN:11206,updateNamedCousins
FN:11255,setDefaultValue
FN:11273,validateProps
FN:11278,(anonymous_438)
FN:11304,postMountWrapper$1
FN:11312,isArray
FN:11319,getDeclarationErrorAddendum
FN:11331,checkSelectPropTypes
FN:11348,updateOptions
FN:11404,getHostProps$1
FN:11409,initWrapperState$1
FN:11424,postMountWrapper$2
FN:11434,postUpdateWrapper
FN:11451,restoreControlledState$1
FN:11475,getHostProps$2
FN:11493,initWrapperState$2
FN:11533,updateWrapper$1
FN:11553,postMountWrapper$3
FN:11568,restoreControlledState$2
FN:11576,getIntrinsicNamespace
FN:11586,getChildNamespace
FN:11604,(anonymous_456)
FN:11606,(anonymous_457)
FN:11607,(anonymous_458)
FN:11624,(anonymous_459)
FN:11664,(anonymous_460)
FN:11783,prefixKey
FN:11794,(anonymous_462)
FN:11795,(anonymous_463)
FN:11810,dangerousStyleValue
FN:11848,hyphenateStyleName
FN:11851,(anonymous_466)
FN:11863,(anonymous_467)
FN:11864,(anonymous_468)
FN:11868,(anonymous_469)
FN:11879,(anonymous_470)
FN:11886,(anonymous_471)
FN:11893,(anonymous_472)
FN:11900,(anonymous_473)
FN:11907,(anonymous_474)
FN:11937,createDangerousStringForStyles
FN:11964,setValueForStyles
FN:11987,isValueEmpty
FN:11999,expandShorthandMap
FN:12024,validateShorthandPropertyCollisionInDev
FN:12073,assertValidProps
FN:12100,isCustomComponent
FN:12677,validateProperty
FN:12718,warnInvalidARIAProps
FN:12727,(anonymous_484)
FN:12737,validateProperties
FN:12744,validateProperties$1
FN:12759,(anonymous_487)
FN:12766,(anonymous_488)
FN:12873,(anonymous_489)
FN:12882,(anonymous_490)
FN:12892,validateProperties$2
FN:12911,setReplayingEvent
FN:12919,resetReplayingEvent
FN:12927,isReplayingEvent
FN:12939,getEventTarget
FN:12954,restoreStateOfTarget
FN:12972,setRestoreImplementation
FN:12975,enqueueStateRestore
FN:12986,needsStateRestore
FN:12989,restoreStateIfNeeded
FN:13011,(anonymous_501)
FN:13014,(anonymous_502)
FN:13016,finishEventHandler
FN:13032,batchedUpdates
FN:13046,setBatchingImplementation
FN:13050,isInteractive
FN:13053,shouldPreventMouseEvent
FN:13077,getListener
FN:13105,(anonymous_509)
FN:13115,invokeGuardedCallbackProd
FN:13147,invokeGuardedCallbackDev
FN:13171,restoreAfterDispatch
FN:13189,callCallback
FN:13210,handleWindowError
FN:13271,(anonymous_515)
FN:13290,invokeGuardedCallback
FN:13306,invokeGuardedCallbackAndCatchFirstError
FN:13321,rethrowCaughtError
FN:13329,hasCaughtError
FN:13332,clearCaughtError
FN:13352,get
FN:13355,has
FN:13358,set
FN:13440,getNearestMountedFiber
FN:13471,getSuspenseInstanceFromFiber
FN:13486,getContainerFromFiber
FN:13489,isFiberMounted
FN:13492,isMounted
FN:13510,assertIsMounted
FN:13515,findCurrentFiberUsingSlowPath
FN:13644,findCurrentHostFiber
FN:13648,findCurrentHostFiberImpl
FN:13663,findCurrentHostFiberWithNoPortals
FN:13667,findCurrentHostFiberWithNoPortalsImpl
FN:13706,injectInternals
FN:13752,onScheduleRoot
FN:13766,onCommitRoot
FN:13803,onPostCommitRoot
FN:13817,onCommitUnmount
FN:13831,setIsStrictModeForDevtools
FN:13855,injectProfilingHooks
FN:13858,getLaneLabelMap
FN:13870,markCommitStarted
FN:13877,markCommitStopped
FN:13884,markComponentRenderStarted
FN:13891,markComponentRenderStopped
FN:13898,markComponentPassiveEffectMountStarted
FN:13905,markComponentPassiveEffectMountStopped
FN:13912,markComponentPassiveEffectUnmountStarted
FN:13919,markComponentPassiveEffectUnmountStopped
FN:13926,markComponentLayoutEffectMountStarted
FN:13933,markComponentLayoutEffectMountStopped
FN:13940,markComponentLayoutEffectUnmountStarted
FN:13947,markComponentLayoutEffectUnmountStopped
FN:13954,markComponentErrored
FN:13961,markComponentSuspended
FN:13968,markLayoutEffectsStarted
FN:13975,markLayoutEffectsStopped
FN:13982,markPassiveEffectsStarted
FN:13989,markPassiveEffectsStopped
FN:13996,markRenderStarted
FN:14003,markRenderYielded
FN:14010,markRenderStopped
FN:14017,markRenderScheduled
FN:14024,markForceUpdateScheduled
FN:14031,markStateUpdateScheduled
FN:14057,clz32Fallback
FN:14143,getLabelForLane
FN:14186,getHighestPriorityLanes
FN:14239,getNextLanes
FN:14340,getMostRecentEventTime
FN:14354,computeExpirationTime
FN:14413,markStarvedLanesAsExpired
FN:14446,getHighestPriorityPendingLanes
FN:14449,getLanesToRetrySynchronouslyOnError
FN:14459,includesSyncLane
FN:14462,includesNonIdleWork
FN:14465,includesOnlyRetries
FN:14468,includesOnlyNonUrgentLanes
FN:14472,includesOnlyTransitions
FN:14475,includesBlockingLane
FN:14479,includesExpiredLane
FN:14484,isTransitionLane
FN:14487,claimNextTransitionLane
FN:14498,claimNextRetryLane
FN:14506,getHighestPriorityLane
FN:14509,pickArbitraryLane
FN:14516,pickArbitraryLaneIndex
FN:14519,laneToIndex
FN:14522,includesSomeLane
FN:14525,isSubsetOfLanes
FN:14528,mergeLanes
FN:14531,removeLanes
FN:14534,intersectLanes
FN:14539,laneToLanes
FN:14542,higherPriorityLane
FN:14546,createLaneMap
FN:14555,markRootUpdated
FN:14579,markRootSuspended
FN:14592,markRootPinged
FN:14595,markRootFinished
FN:14618,markRootEntangled
FN:14646,getBumpedLaneForHydration
FN:14697,addFiberToLanesMap
FN:14710,movePendingFibersToMemoized
FN:14721,(anonymous_606)
FN:14732,getTransitionsForLanes
FN:14742,getCurrentUpdatePriority
FN:14745,setCurrentUpdatePriority
FN:14748,runWithPriority
FN:14757,higherEventPriority
FN:14760,lowerEventPriority
FN:14763,isHigherEventPriority
FN:14766,lanesToEventPriority
FN:14783,isRootDehydrated
FN:14788,setAttemptSynchronousHydration
FN:14791,attemptSynchronousHydration
FN:14795,setAttemptContinuousHydration
FN:14799,setAttemptHydrationAtCurrentPriority
FN:14803,setGetCurrentUpdatePriority
FN:14807,setAttemptHydrationAtPriority
FN:14828,isDiscreteEventThatRequiresHydration
FN:14831,createQueuedReplayableEvent
FN:14840,clearIfContinuousEvent
FN:14870,accumulateOrCreateContinuousQueuedReplayableEvent
FN:14893,queueIfContinuousEvent
FN:14934,attemptExplicitHydrationTarget
FN:14949,(anonymous_628)
FN:14967,queueExplicitHydrationTarget
FN:14989,attemptReplayContinuousQueuedEvent
FN:15019,attemptReplayContinuousQueuedEventInMap
FN:15024,replayUnblockedEvents
FN:15038,scheduleCallbackIfUnblocked
FN:15050,retryIfBlockedOn
FN:15074,(anonymous_635)
FN:15104,setEnabled
FN:15107,isEnabled
FN:15110,createEventListenerWrapperWithPriority
FN:15127,dispatchDiscreteEvent
FN:15139,dispatchContinuousEvent
FN:15151,dispatchEvent
FN:15159,dispatchEventWithEnableCapturePhaseSelectiveHydrationWithoutDiscreteEventReplay
FN:15200,findInstanceBlockingEvent
FN:15246,getEventPriority
FN:15354,addEventBubbleListener
FN:15358,addEventCaptureListener
FN:15362,addEventCaptureListenerWithPassiveFlag
FN:15369,addEventBubbleListenerWithPassiveFlag
FN:15390,initialize
FN:15395,reset
FN:15400,getData
FN:15425,getText
FN:15442,getEventCharCode
FN:15467,functionThatReturnsTrue
FN:15470,functionThatReturnsFalse
FN:15475,createSyntheticEvent
FN:15489,SyntheticBaseEvent
FN:15517,(anonymous_658)
FN:15530,(anonymous_659)
FN:15552,(anonymous_660)
FN:15572,(anonymous_661)
FN:15587,updateMouseMovementPolyfillState
FN:15618,(anonymous_663)
FN:15622,(anonymous_664)
FN:15629,(anonymous_665)
FN:15676,(anonymous_666)
FN:15766,getEventKey
FN:15805,modifierStateGetter
FN:15814,getEventModifierState
FN:15834,(anonymous_670)
FN:15844,(anonymous_671)
FN:15856,(anonymous_672)
FN:15921,(anonymous_673)
FN:15926,(anonymous_674)
FN:15959,registerEvents
FN:15973,isKeypressCommand
FN:15982,getCompositionEventType
FN:15997,isFallbackCompositionStart
FN:16004,isFallbackCompositionEnd
FN:16032,getDataFromCustomEvent
FN:16050,isUsingKoreanIME
FN:16059,extractCompositionEvent
FN:16104,getNativeBeforeInputChars
FN:16149,getFallbackBeforeInputChars
FN:16212,extractBeforeInputEvent
FN:16253,extractEvents
FN:16278,isTextInputElement
FN:16303,isEventSupported
FN:16316,registerEvents$1
FN:16319,createAndAccumulateChangeEvent
FN:16341,shouldUseChangeEvent
FN:16345,manualDispatchChangeEvent
FN:16361,runEventInBatch
FN:16364,getInstIfValueChanged
FN:16370,getTargetInstForChangeEvent
FN:16391,startWatchingForValueChange
FN:16401,stopWatchingForValueChange
FN:16414,handlePropertyChange
FN:16422,handleEventsForInputEventPolyfill
FN:16441,getTargetInstForInputEventPolyfill
FN:16460,shouldUseClickEvent
FN:16467,getTargetInstForClickEvent
FN:16472,getTargetInstForInputOrChangeEvent
FN:16477,handleControlledInputBlur
FN:16498,extractEvents$1
FN:16528,registerEvents$2
FN:16542,extractEvents$2
FN:16630,is
FN:16642,shallowEqual
FN:16671,getLeafNode
FN:16685,getSiblingNode
FN:16701,getNodeForCharacterOffset
FN:16725,getOffsets
FN:16763,getModernOffsetsFromPoints
FN:16836,setOffsets
FN:16874,isTextNode
FN:16877,containsNode
FN:16894,isInDocument
FN:16897,isSameOriginFrame
FN:16911,getActiveElementDeep
FN:16937,hasSelectionCapabilities
FN:16941,getSelectionInformation
FN:16954,restoreSelection
FN:16991,getSelection
FN:17015,setSelection
FN:17029,registerEvents$3
FN:17043,getSelection$1
FN:17064,getEventTargetDocument
FN:17075,constructSelectEvent
FN:17114,extractEvents$3
FN:17173,makePrefixMap
FN:17227,getVendorPrefixedEventName
FN:17256,registerSimpleEvent
FN:17260,registerSimpleEvents
FN:17276,extractEvents$4
FN:17408,extractEvents$5
FN:17447,executeDispatch
FN:17453,processDispatchQueueItemsInOrder
FN:17481,processDispatchQueue
FN:17492,dispatchEventsForPlugins
FN:17498,listenToNonDelegatedEvent
FN:17512,listenToNativeEvent
FN:17525,listenToAllSupportedEvents
FN:17528,(anonymous_744)
FN:17549,addTrappedEventListener
FN:17582,isMatchingRootContainer
FN:17585,dispatchEventForPluginEventSystem
FN:17655,(anonymous_748)
FN:17659,createDispatchListener
FN:17666,accumulateSinglePhaseListeners
FN:17706,accumulateTwoPhaseListeners
FN:17731,getParent
FN:17752,getLowestCommonAncestor
FN:17784,accumulateEnterLeaveListenersForEvent
FN:17827,accumulateEnterLeaveTwoPhaseListeners
FN:17836,getListenerSetKey
FN:17865,(anonymous_757)
FN:17882,(anonymous_758)
FN:17894,(anonymous_759)
FN:17900,(anonymous_760)
FN:17905,(anonymous_761)
FN:17914,(anonymous_762)
FN:17931,normalizeMarkupForTextOrAttribute
FN:17938,checkForUnmatchedText
FN:17958,getOwnerDocumentFromRootContainer
FN:17961,noop
FN:17962,trapClickOnNonInteractiveElement
FN:17974,setInitialDOMProperties
FN:18022,updateDOMProperties
FN:18038,createElement
FN:18110,createTextNode
FN:18113,setInitialProperties
FN:18222,diffProperties
FN:18371,updateProperties
FN:18401,getPossibleStandardName
FN:18410,diffHydratedProperties
FN:18653,diffHydratedText
FN:18657,warnForDeletedHydratableElement
FN:18666,warnForDeletedHydratableText
FN:18675,warnForInsertedHydratedElement
FN:18684,warnForInsertedHydratedText
FN:18700,restoreControlledState$3
FN:18713,(anonymous_783)
FN:18714,(anonymous_784)
FN:18748,(anonymous_785)
FN:18795,(anonymous_786)
FN:18883,(anonymous_787)
FN:18940,(anonymous_788)
FN:18993,getRootHostContext
FN:19024,getChildHostContext
FN:19035,getPublicInstance
FN:19038,prepareForCommit
FN:19045,resetAfterCommit
FN:19051,createInstance
FN:19069,appendInitialChild
FN:19072,finalizeInitialChildren
FN:19086,prepareUpdate
FN:19097,shouldSetTextContent
FN:19100,createTextInstance
FN:19109,getCurrentEventPriority
FN:19123,(anonymous_801)
FN:19127,handleErrorInNextTick
FN:19128,(anonymous_803)
FN:19132,commitMount
FN:19157,commitUpdate
FN:19164,resetTextContent
FN:19167,commitTextUpdate
FN:19170,appendChild
FN:19173,appendChildToContainer
FN:19196,insertBefore
FN:19199,insertInContainerBefore
FN:19206,removeChild
FN:19209,removeChildFromContainer
FN:19216,clearSuspenseBoundary
FN:19246,clearSuspenseBoundaryFromContainer
FN:19255,hideInstance
FN:19266,hideTextInstance
FN:19269,unhideInstance
FN:19275,unhideTextInstance
FN:19278,clearContainer
FN:19287,canHydrateInstance
FN:19294,canHydrateTextInstance
FN:19302,canHydrateSuspenseInstance
FN:19310,isSuspenseInstancePending
FN:19313,isSuspenseInstanceFallback
FN:19316,getSuspenseInstanceFallbackErrorDetails
FN:19344,registerSuspenseInstanceRetry
FN:19347,getNextHydratable
FN:19366,getNextHydratableSibling
FN:19369,getFirstHydratableChild
FN:19372,getFirstHydratableChildWithinContainer
FN:19375,getFirstHydratableChildWithinSuspenseInstance
FN:19378,hydrateInstance
FN:19393,hydrateTextInstance
FN:19400,hydrateSuspenseInstance
FN:19403,getNextHydratableInstanceAfterSuspenseInstance
FN:19430,getParentSuspenseInstance
FN:19453,commitHydratedContainer
FN:19457,commitHydratedSuspenseInstance
FN:19461,shouldDeleteUnhydratedTailInstances
FN:19464,didNotMatchHydratedContainerTextInstance
FN:19468,didNotMatchHydratedTextInstance
FN:19474,didNotHydrateInstanceWithinContainer
FN:19483,didNotHydrateInstanceWithinSuspenseInstance
FN:19496,didNotHydrateInstance
FN:19507,didNotFindHydratableInstanceWithinContainer
FN:19512,didNotFindHydratableTextInstanceWithinContainer
FN:19517,didNotFindHydratableInstanceWithinSuspenseInstance
FN:19524,didNotFindHydratableTextInstanceWithinSuspenseInstance
FN:19531,didNotFindHydratableInstance
FN:19538,didNotFindHydratableTextInstance
FN:19545,errorHydratingContainer
FN:19552,preparePortalMount
FN:19562,detachDeletedInstance
FN:19571,precacheFiberNode
FN:19574,markContainerAsRoot
FN:19577,unmarkContainerAsRoot
FN:19580,isContainerMarkedAsRoot
FN:19590,getClosestInstanceFromNode
FN:19662,getInstanceFromNode
FN:19678,getNodeFromInstance
FN:19688,getFiberCurrentPropsFromNode
FN:19691,updateFiberProps
FN:19694,getEventListenerSet
FN:19703,setCurrentlyValidatingElement
FN:19714,checkPropTypes
FN:19760,createCursor
FN:19765,pop
FN:19784,push
FN:19808,getUnmaskedContext
FN:19820,cacheContext
FN:19827,getMaskedContext
FN:19857,hasContextChanged
FN:19862,isContextProvider
FN:19868,popContext
FN:19874,popTopLevelContextObject
FN:19880,pushTopLevelContextObject
FN:19889,processChildContext
FN:19918,pushContextProvider
FN:19933,invalidateContextProvider
FN:19958,findCurrentUnmaskedContext
FN:19989,scheduleSyncCallback
FN:20000,scheduleLegacySyncCallback
FN:20004,flushSyncCallbacksOnlyInLegacyMode
FN:20014,flushSyncCallbacks
FN:20063,isForkedChild
FN:20067,getForksAtLevel
FN:20071,getTreeId
FN:20077,pushTreeFork
FN:20098,pushTreeId
FN:20153,pushMaterializedTreeId
FN:20165,getBitLength
FN:20168,getLeadingBit
FN:20171,popTreeContext
FN:20192,getSuspendedTreeContext
FN:20203,restoreSuspendedTreeContext
FN:20212,warnIfNotHydrating
FN:20230,warnIfHydrating
FN:20237,markDidThrowWhileHydratingDEV
FN:20242,didSuspendOrErrorWhileHydratingDEV
FN:20247,enterHydrationState
FN:20256,reenterHydrationStateFromDehydratedSuspenseInstance
FN:20267,warnUnhydratedInstance
FN:20292,deleteHydratableInstance
FN:20305,warnNonhydratedInstance
FN:20380,insertNonHydratedInstance
FN:20384,tryHydrate
FN:20441,shouldClientRenderOnMismatch
FN:20444,throwOnHydrationMismatch
FN:20447,tryToClaimNextHydratableInstance
FN:20488,prepareToHydrateHostInstance
FN:20501,prepareToHydrateHostTextInstance
FN:20536,prepareToHydrateHostSuspenseInstance
FN:20544,skipPastDehydratedSuspenseInstance
FN:20552,popToNextHostParent
FN:20559,popHydrationState
FN:20599,hasUnhydratedTailNodes
FN:20602,warnIfUnhydratedTailNodes
FN:20609,resetHydrationState
FN:20615,upgradeHydrationErrorsToRecoverable
FN:20624,getIsHydrating
FN:20627,queueHydrationError
FN:20636,requestCurrentTransition
FN:20640,(anonymous_924)
FN:20641,(anonymous_925)
FN:20642,(anonymous_926)
FN:20643,(anonymous_927)
FN:20644,(anonymous_928)
FN:20647,(anonymous_929)
FN:20658,(anonymous_930)
FN:20660,(anonymous_931)
FN:20673,(anonymous_932)
FN:20699,(anonymous_933)
FN:20703,(anonymous_934)
FN:20711,(anonymous_935)
FN:20719,(anonymous_936)
FN:20727,(anonymous_937)
FN:20735,(anonymous_938)
FN:20743,(anonymous_939)
FN:20779,(anonymous_940)
FN:20798,(anonymous_941)
FN:20799,(anonymous_942)
FN:20805,(anonymous_943)
FN:20818,(anonymous_944)
FN:20828,resolveDefaultProps
FN:20852,resetContextDependencies
FN:20862,enterDisallowedContextReadInDEV
FN:20867,exitDisallowedContextReadInDEV
FN:20872,pushProvider
FN:20884,popProvider
FN:20893,scheduleContextWorkOnParentPath
FN:20917,propagateContextChange
FN:20922,propagateContextChange_eager
FN:21029,prepareToReadContext
FN:21048,readContext
FN:21086,pushConcurrentUpdateQueue
FN:21093,finishQueueingConcurrentUpdates
FN:21118,enqueueConcurrentHookUpdate
FN:21133,enqueueConcurrentHookUpdateAndEagerlyBailout
FN:21147,enqueueConcurrentClassUpdate
FN:21162,enqueueConcurrentRenderForLane
FN:21168,markUpdateLaneFromFiberToRoot
FN:21219,initializeUpdateQueue
FN:21233,cloneUpdateQueue
FN:21248,createUpdate
FN:21259,enqueueUpdate
FN:21293,entangleTransitions
FN:21317,enqueueCapturedUpdate
FN:21387,getStateFromUpdate
FN:21460,processUpdateQueue
FN:21626,callCallback
FN:21632,resetHasForceUpdateBeforeProcessing
FN:21635,checkHasForceUpdateAfterProcessing
FN:21638,commitUpdateQueue
FN:21677,(anonymous_975)
FN:21687,(anonymous_976)
FN:21703,(anonymous_977)
FN:21709,applyDerivedStateFromProps
FN:21737,(anonymous_979)
FN:21758,(anonymous_980)
FN:21780,(anonymous_981)
FN:21802,checkShouldComponentUpdate
FN:21827,checkClassInstance
FN:21907,adoptClassInstance
FN:21916,constructClassInstance
FN:22015,callComponentWillMount
FN:22030,callComponentWillReceiveProps
FN:22050,mountClassInstance
FN:22107,resumeMountClassInstance
FN:22204,updateClassInstance
FN:22309,(anonymous_991)
FN:22322,(anonymous_992)
FN:22341,coerceRef
FN:22384,(anonymous_994)
FN:22409,throwOnInvalidObjectType
FN:22413,warnOnFunctionType
FN:22423,resolveLazy
FN:22432,ChildReconciler
FN:22433,deleteChild
FN:22446,deleteRemainingChildren
FN:22460,mapRemainingChildren
FN:22476,useFiber
FN:22484,placeChild
FN:22509,placeSingleChild
FN:22517,updateTextNode
FN:22530,updateElement
FN:22561,updatePortal
FN:22574,updateFragment
FN:22587,createChild
FN:22632,updateSlot
FN:22684,updateFromMap
FN:22725,warnOnInvalidKey
FN:22758,reconcileChildrenArray
FN:22886,(anonymous_1014)
FN:22896,reconcileChildrenIterator
FN:23042,(anonymous_1016)
FN:23052,reconcileSingleTextNode
FN:23070,reconcileSingleElement
FN:23128,reconcileSinglePortal
FN:23156,reconcileChildFibers
FN:23204,cloneChildFibers
FN:23223,resetChildFibers
FN:23234,requiredContext
FN:23240,getRootHostContainer
FN:23244,pushHostContainer
FN:23262,popHostContainer
FN:23267,getHostContext
FN:23271,pushHostContext
FN:23284,popHostContext
FN:23312,hasSuspenseContext
FN:23315,setDefaultShallowSuspenseContext
FN:23318,setShallowSuspenseContext
FN:23321,addSubtreeSuspenseContext
FN:23324,pushSuspenseContext
FN:23327,popSuspenseContext
FN:23330,shouldCaptureSuspense
FN:23347,findFirstSuspended
FN:23402,resetWorkInProgressVersions
FN:23415,registerMutableSourceForHydration
FN:23473,mountHookTypesDev
FN:23483,updateHookTypesDev
FN:23494,checkDepsAreArrayDev
FN:23503,warnOnHookMismatchInDev
FN:23528,throwInvalidHookError
FN:23531,areHookInputsEqual
FN:23559,renderWithHooks
FN:23665,checkDidRenderIdHook
FN:23673,bailoutHooks
FN:23684,resetHooksAfterThrow
FN:23720,mountWorkInProgressHook
FN:23737,updateWorkInProgressHook
FN:23788,createFunctionComponentUpdateQueue
FN:23794,basicStateReducer
FN:23798,mountReducer
FN:23819,updateReducer
FN:23945,rerenderReducer
FN:23987,mountMutableSource
FN:23992,updateMutableSource
FN:23997,mountSyncExternalStore
FN:24063,updateSyncExternalStore
FN:24110,pushStoreConsistencyCheck
FN:24130,updateStoreInstance
FN:24143,subscribeToStore
FN:24144,(anonymous_1064)
FN:24155,checkIfSnapshotChanged
FN:24165,forceStoreRerender
FN:24171,mountState
FN:24190,updateState
FN:24193,rerenderState
FN:24196,pushEffect
FN:24223,mountRef
FN:24233,updateRef
FN:24237,mountEffectImpl
FN:24243,updateEffectImpl
FN:24261,mountEffect
FN:24268,updateEffect
FN:24271,mountInsertionEffect
FN:24274,updateInsertionEffect
FN:24277,mountLayoutEffect
FN:24287,updateLayoutEffect
FN:24290,imperativeHandleEffect
FN:24295,(anonymous_1082)
FN:24307,(anonymous_1083)
FN:24312,mountImperativeHandle
FN:24329,updateImperativeHandle
FN:24339,mountDebugValue
FN:24344,mountCallback
FN:24350,updateCallback
FN:24365,mountMemo
FN:24372,updateMemo
FN:24389,mountDeferredValue
FN:24394,updateDeferredValue
FN:24400,rerenderDeferredValue
FN:24412,updateDeferredValueImpl
FN:24448,startTransition
FN:24475,mountTransition
FN:24485,updateTransition
FN:24492,rerenderTransition
FN:24500,getIsUpdatingOpaqueValueInRenderPhaseInDEV
FN:24505,mountId
FN:24535,updateId
FN:24540,dispatchReducerAction
FN:24566,dispatchSetState
FN:24630,isRenderPhaseUpdate
FN:24634,enqueueRenderPhaseUpdate
FN:24650,entangleTransitionUpdate
FN:24668,markUpdateInDevTools
FN:24701,(anonymous_1108)
FN:24704,(anonymous_1109)
FN:24708,(anonymous_1110)
FN:24711,(anonymous_1111)
FN:24717,(anonymous_1112)
FN:24722,(anonymous_1113)
FN:24728,(anonymous_1114)
FN:24734,(anonymous_1115)
FN:24740,(anonymous_1116)
FN:24746,(anonymous_1117)
FN:24758,(anonymous_1118)
FN:24769,(anonymous_1119)
FN:24774,(anonymous_1120)
FN:24785,(anonymous_1121)
FN:24790,(anonymous_1122)
FN:24795,(anonymous_1123)
FN:24800,(anonymous_1124)
FN:24805,(anonymous_1125)
FN:24810,(anonymous_1126)
FN:24818,(anonymous_1127)
FN:24821,(anonymous_1128)
FN:24826,(anonymous_1129)
FN:24831,(anonymous_1130)
FN:24836,(anonymous_1131)
FN:24841,(anonymous_1132)
FN:24846,(anonymous_1133)
FN:24851,(anonymous_1134)
FN:24862,(anonymous_1135)
FN:24873,(anonymous_1136)
FN:24878,(anonymous_1137)
FN:24889,(anonymous_1138)
FN:24894,(anonymous_1139)
FN:24899,(anonymous_1140)
FN:24904,(anonymous_1141)
FN:24909,(anonymous_1142)
FN:24914,(anonymous_1143)
FN:24922,(anonymous_1144)
FN:24925,(anonymous_1145)
FN:24930,(anonymous_1146)
FN:24935,(anonymous_1147)
FN:24940,(anonymous_1148)
FN:24945,(anonymous_1149)
FN:24950,(anonymous_1150)
FN:24955,(anonymous_1151)
FN:24966,(anonymous_1152)
FN:24977,(anonymous_1153)
FN:24982,(anonymous_1154)
FN:24993,(anonymous_1155)
FN:24998,(anonymous_1156)
FN:25003,(anonymous_1157)
FN:25008,(anonymous_1158)
FN:25013,(anonymous_1159)
FN:25018,(anonymous_1160)
FN:25026,(anonymous_1161)
FN:25029,(anonymous_1162)
FN:25034,(anonymous_1163)
FN:25039,(anonymous_1164)
FN:25044,(anonymous_1165)
FN:25049,(anonymous_1166)
FN:25054,(anonymous_1167)
FN:25059,(anonymous_1168)
FN:25070,(anonymous_1169)
FN:25081,(anonymous_1170)
FN:25086,(anonymous_1171)
FN:25097,(anonymous_1172)
FN:25102,(anonymous_1173)
FN:25107,(anonymous_1174)
FN:25112,(anonymous_1175)
FN:25117,(anonymous_1176)
FN:25122,(anonymous_1177)
FN:25130,(anonymous_1178)
FN:25134,(anonymous_1179)
FN:25140,(anonymous_1180)
FN:25146,(anonymous_1181)
FN:25152,(anonymous_1182)
FN:25158,(anonymous_1183)
FN:25164,(anonymous_1184)
FN:25170,(anonymous_1185)
FN:25182,(anonymous_1186)
FN:25194,(anonymous_1187)
FN:25200,(anonymous_1188)
FN:25212,(anonymous_1189)
FN:25218,(anonymous_1190)
FN:25224,(anonymous_1191)
FN:25230,(anonymous_1192)
FN:25236,(anonymous_1193)
FN:25242,(anonymous_1194)
FN:25251,(anonymous_1195)
FN:25255,(anonymous_1196)
FN:25261,(anonymous_1197)
FN:25267,(anonymous_1198)
FN:25273,(anonymous_1199)
FN:25279,(anonymous_1200)
FN:25285,(anonymous_1201)
FN:25291,(anonymous_1202)
FN:25303,(anonymous_1203)
FN:25315,(anonymous_1204)
FN:25321,(anonymous_1205)
FN:25333,(anonymous_1206)
FN:25339,(anonymous_1207)
FN:25345,(anonymous_1208)
FN:25351,(anonymous_1209)
FN:25357,(anonymous_1210)
FN:25363,(anonymous_1211)
FN:25372,(anonymous_1212)
FN:25376,(anonymous_1213)
FN:25382,(anonymous_1214)
FN:25388,(anonymous_1215)
FN:25394,(anonymous_1216)
FN:25400,(anonymous_1217)
FN:25406,(anonymous_1218)
FN:25412,(anonymous_1219)
FN:25424,(anonymous_1220)
FN:25436,(anonymous_1221)
FN:25442,(anonymous_1222)
FN:25454,(anonymous_1223)
FN:25460,(anonymous_1224)
FN:25466,(anonymous_1225)
FN:25472,(anonymous_1226)
FN:25478,(anonymous_1227)
FN:25484,(anonymous_1228)
FN:25517,isCurrentUpdateNested
FN:25520,markNestedUpdateScheduled
FN:25525,resetNestedUpdateFlag
FN:25531,syncNestedUpdateFlag
FN:25537,getCommitTime
FN:25540,recordCommitTime
FN:25543,startProfilerTimer
FN:25549,stopProfilerTimerIfRunning
FN:25552,stopProfilerTimerIfRunningAndRecordDelta
FN:25562,recordLayoutEffectDuration
FN:25584,recordPassiveEffectDuration
FN:25613,startLayoutEffectTimer
FN:25616,startPassiveEffectTimer
FN:25619,transferActualDuration
FN:25629,createCapturedValueAtFiber
FN:25639,createCapturedValue
FN:25651,showErrorDialog
FN:25654,logCapturedError
FN:25706,(anonymous_1247)
FN:25712,createRootErrorUpdate
FN:25722,(anonymous_1249)
FN:25728,createClassErrorUpdate
FN:25734,(anonymous_1251)
FN:25737,(anonymous_1252)
FN:25746,callback
FN:25778,attachPingListener
FN:25817,attachRetryListener
FN:25838,resetSuspendedComponent
FN:25854,getNearestSuspenseBoundaryToCapture
FN:25866,markSuspenseBoundaryShouldCapture
FN:25968,throwException
FN:26080,getSuspendedCache
FN:26105,reconcileChildren
FN:26121,forceUnmountCurrentAndReconcile
FN:26137,updateForwardRef
FN:26193,updateMemoComponent
FN:26262,updateSimpleMemoComponent
FN:26340,updateOffscreenComponent
FN:26413,updateFragment
FN:26418,updateMode
FN:26423,updateProfiler
FN:26439,markRef
FN:26449,updateFunctionComponent
FN:26504,updateClassComponent
FN:26581,finishClassComponent
FN:26647,pushHostRootContext
FN:26657,updateHostRoot
FN:26725,mountHostRootWithoutHydrating
FN:26733,updateHostComponent
FN:26758,updateHostText
FN:26766,mountLazyComponent
FN:26833,mountIncompleteClassComponent
FN:26853,mountIndeterminateComponent
FN:26955,validateFunctionComponentInDev
FN:26999,mountSuspenseOffscreenState
FN:27006,updateSuspenseOffscreenState
FN:27015,shouldRemainOnFallback
FN:27032,getRemainingWorkInPrimaryTree
FN:27036,updateSuspenseComponent
FN:27140,mountSuspensePrimaryChildren
FN:27151,mountSuspenseFallbackChildren
FN:27187,mountWorkInProgressOffscreenFiber
FN:27192,updateWorkInProgressOffscreenFiber
FN:27197,updateSuspensePrimaryChildren
FN:27222,updateSuspenseFallbackChildren
FN:27282,retrySuspenseComponentWithoutHydrating
FN:27305,mountSuspenseFallbackAfterRetryWithoutHydrating
FN:27327,mountDehydratedSuspenseComponent
FN:27355,updateDehydratedSuspenseComponent
FN:27477,scheduleSuspenseWorkOnFiber
FN:27485,propagateSuspenseContextChange
FN:27521,findLastContentRow
FN:27541,validateRevealOrder
FN:27570,validateTailOptions
FN:27583,validateSuspenseListNestedChild
FN:27595,validateSuspenseListChildren
FN:27625,initSuspenseListRenderState
FN:27653,updateSuspenseListComponent
FN:27755,updatePortalComponent
FN:27771,updateContextProvider
FN:27810,updateContextConsumer
FN:27861,markWorkInProgressReceivedUpdate
FN:27864,resetSuspendedCurrentOnMountInLegacyMode
FN:27878,bailoutOnAlreadyFinishedWork
FN:27902,remountFiber
FN:27950,checkScheduledUpdateOrContext
FN:27960,attemptEarlyBailoutIfNoScheduledUpdate
FN:28110,beginWork
FN:28269,markUpdate
FN:28274,markRef$1
FN:28286,(anonymous_1319)
FN:28311,(anonymous_1320)
FN:28313,(anonymous_1321)
FN:28340,(anonymous_1322)
FN:28347,cutOffTailIfNeeded
FN:28416,bubbleProperties
FN:28500,completeDehydratedSuspenseBoundary
FN:28571,completeWork
FN:29068,unwindWork
FN:29158,unwindInterruptedWork
FN:29219,reportUncaughtErrorInDEV
FN:29226,(anonymous_1330)
FN:29232,(anonymous_1331)
FN:29247,safelyCallCommitHookLayoutEffectListMount
FN:29255,safelyCallComponentWillUnmount
FN:29263,safelyCallComponentDidMount
FN:29271,safelyAttachRef
FN:29278,safelyDetachRef
FN:29307,safelyCallDestroy
FN:29316,commitBeforeMutationEffects
FN:29326,commitBeforeMutationEffects_begin
FN:29339,commitBeforeMutationEffects_complete
FN:29358,commitBeforeMutationEffectsOnFiber
FN:29423,commitHookEffectListUnmount
FN:29466,commitHookEffectListMount
FN:29528,commitPassiveEffectDurations
FN:29573,commitLayoutEffectOnFiber
FN:29793,reappearLayoutEffectsOnFiber
FN:29829,hideOrUnhideAllChildren
FN:29889,commitAttachRef
FN:29929,detachFiberMutation
FN:29952,detachFiberAfterEffects
FN:30008,getHostParentFiber
FN:30018,isHostParent
FN:30021,getHostSibling
FN:30062,commitPlacement
FN:30095,insertOrAppendPlacementNodeIntoContainer
FN:30117,insertOrAppendPlacementNode
FN:30145,commitDeletionEffects
FN:30195,recursivelyTraverseDeletionEffects
FN:30203,commitDeletionEffectsOnFiber
FN:30360,commitSuspenseCallback
FN:30364,commitSuspenseHydrationCallbacks
FN:30379,attachSuspenseRetryListeners
FN:30390,(anonymous_1363)
FN:30410,commitMutationEffects
FN:30419,recursivelyTraverseMutationEffects
FN:30444,commitMutationEffectsOnFiber
FN:30697,commitReconciliationEffects
FN:30718,commitLayoutEffects
FN:30726,commitLayoutEffects_begin
FN:30780,commitLayoutMountEffects_complete
FN:30806,disappearLayoutEffects_begin
FN:30866,disappearLayoutEffects_complete
FN:30882,reappearLayoutEffects_begin
FN:30905,reappearLayoutEffects_complete
FN:30931,commitPassiveMountEffects
FN:30935,commitPassiveMountEffects_begin
FN:30947,commitPassiveMountEffects_complete
FN:30972,commitPassiveMountOnFiber
FN:30992,commitPassiveUnmountEffects
FN:30996,commitPassiveUnmountEffects_begin
FN:31044,commitPassiveUnmountEffects_complete
FN:31061,commitPassiveUnmountOnFiber
FN:31078,commitPassiveUnmountEffectsInsideOfDeletedTree_begin
FN:31097,commitPassiveUnmountEffectsInsideOfDeletedTree_complete
FN:31120,commitPassiveUnmountInsideDeletedTreeOnFiber
FN:31138,invokeLayoutEffectMountInDEV
FN:31167,invokePassiveEffectMountInDEV
FN:31186,invokeLayoutEffectUnmountInDEV
FN:31213,invokePassiveEffectUnmountInDEV
FN:31245,onCommitRoot$1
FN:31247,(anonymous_1391)
FN:31253,isLegacyActEnvironment
FN:31267,isConcurrentActEnvironment
FN:31349,resetRenderTimer
FN:31352,getRenderTargetTime
FN:31378,getWorkInProgressRoot
FN:31381,requestEventTime
FN:31395,requestUpdateLane
FN:31453,requestRetryLane
FN:31464,scheduleUpdateOnFiber
FN:31527,scheduleInitialHydrationOnRoot
FN:31542,isUnsafeClassRenderPhaseUpdate
FN:31556,ensureRootIsScheduled
FN:31617,(anonymous_1404)
FN:31657,performConcurrentWorkOnRoot
FN:31770,recoverFromConcurrentError
FN:31809,queueRecoverableErrors
FN:31816,finishConcurrentRender
FN:31917,isRenderConsistentWithExternalStores
FN:31968,markRootSuspended$1
FN:31979,performSyncWorkOnRoot
FN:32026,flushRoot
FN:32036,batchedUpdates$1
FN:32053,discreteUpdates
FN:32071,flushSync
FN:32101,isAlreadyRendering
FN:32106,pushRenderLanes
FN:32111,popRenderLanes
FN:32115,prepareFreshStack
FN:32151,handleError
FN:32212,pushDispatcher
FN:32224,popDispatcher
FN:32227,markCommitTimeOfFallback
FN:32230,markSkippedUpdateLanes
FN:32233,renderDidSuspend
FN:32238,renderDidSuspendDelayIfPossible
FN:32255,renderDidError
FN:32267,renderHasNotSuspendedYet
FN:32272,renderRootSync
FN:32325,workLoopSync
FN:32331,renderRootConcurrent
FN:32390,workLoopConcurrent
FN:32396,performUnitOfWork
FN:32420,completeUnitOfWork
FN:32503,commitRoot
FN:32518,commitRootImpl
FN:32583,(anonymous_1437)
FN:32754,flushPassiveEffects
FN:32777,enqueuePendingPassiveProfilerEffect
FN:32782,(anonymous_1440)
FN:32789,flushPassiveEffectsImpl
FN:32859,isAlreadyFailedLegacyErrorBoundary
FN:32862,markLegacyErrorBoundaryAsFailed
FN:32869,prepareToThrowUncaughtError
FN:32876,captureCommitPhaseErrorOnRoot
FN:32886,captureCommitPhaseError
FN:32931,pingSuspendedRoot
FN:32960,retryTimedOutBoundary
FN:32978,retryDehydratedSuspenseBoundary
FN:32986,resolveRetryWakeable
FN:33020,jnd
FN:33023,checkForNestedUpdates
FN:33037,flushRenderPhaseStrictModeWarningsInDEV
FN:33045,commitDoubleInvokeEffectsInDEV
FN:33062,invokeEffectsInDev
FN:33086,warnAboutUpdateOnNotYetMountedFiberInDEV
FN:33127,(anonymous_1457)
FN:33176,warnAboutRenderPhaseUpdatesInDEV
FN:33206,restorePendingUpdaters
FN:33210,(anonymous_1460)
FN:33219,scheduleCallback$1
FN:33232,cancelCallback$1
FN:33239,shouldForceFlushFallbacksInDEV
FN:33243,warnIfUpdatesNotWrappedWithActDEV
FN:33282,warnIfSuspenseResolutionNotWrappedWithActDEV
FN:33289,setIsRunningInsertionEffect
FN:33299,(anonymous_1467)
FN:33304,resolveFunctionForHotReloading
FN:33318,resolveClassForHotReloading
FN:33322,resolveForwardRefForHotReloading
FN:33353,isCompatibleFamilyForHotReloading
FN:33424,markFailedErrorBoundaryForHotReloading
FN:33439,(anonymous_1473)
FN:33448,(anonymous_1474)
FN:33453,(anonymous_1475)
FN:33462,(anonymous_1476)
FN:33467,scheduleFibersWithFamiliesRecursively
FN:33526,(anonymous_1478)
FN:33529,(anonymous_1479)
FN:33536,findHostInstancesForMatchingFibersRecursively
FN:33575,findHostInstancesForFiberShallowly
FN:33602,findChildHostInstancesForFiberShallowly
FN:33646,FiberNode
FN:33721,(anonymous_1484)
FN:33725,shouldConstruct$1
FN:33729,isSimpleFunctionComponent
FN:33732,resolveLazyComponentTag
FN:33747,createWorkInProgress
FN:33829,resetWorkInProgress
FN:33886,createHostRootFiber
FN:33907,createFiberFromTypeAndProps
FN:34015,createFiberFromElement
FN:34030,createFiberFromFragment
FN:34035,createFiberFromProfiler
FN:34052,createFiberFromSuspense
FN:34058,createFiberFromSuspenseList
FN:34064,createFiberFromOffscreen
FN:34074,createFiberFromText
FN:34079,createFiberFromHostInstanceForDeletion
FN:34084,createFiberFromDehydratedFragment
FN:34089,createFiberFromPortal
FN:34102,assignFiberPropertiesInDEV
FN:34147,FiberRootNode
FN:34196,createFiberRoot
FN:34223,createPortal
FN:34245,getContextForSubtree
FN:34259,findHostInstanceWithWarning
FN:34300,createContainer
FN:34305,createHydrationContainer
FN:34327,updateContainer
FN:34371,getPublicRootInstance
FN:34383,attemptSynchronousHydration$1
FN:34397,(anonymous_1513)
FN:34413,markRetryLaneImpl
FN:34420,markRetryLaneIfNotHydrated
FN:34427,attemptContinuousHydration$1
FN:34443,attemptHydrationAtCurrentPriority$1
FN:34457,findHostInstanceWithNoPortals
FN:34464,(anonymous_1519)
FN:34467,shouldError
FN:34470,(anonymous_1521)
FN:34473,shouldSuspend
FN:34486,(anonymous_1523)
FN:34501,(anonymous_1524)
FN:34504,(anonymous_1525)
FN:34524,(anonymous_1526)
FN:34538,(anonymous_1527)
FN:34548,(anonymous_1528)
FN:34551,(anonymous_1529)
FN:34562,(anonymous_1530)
FN:34580,(anonymous_1531)
FN:34598,(anonymous_1532)
FN:34617,(anonymous_1533)
FN:34627,(anonymous_1534)
FN:34637,(anonymous_1535)
FN:34647,(anonymous_1536)
FN:34653,(anonymous_1537)
FN:34656,(anonymous_1538)
FN:34660,findHostInstanceByFiber
FN:34667,emptyFindFiberByHostInstance
FN:34670,getCurrentFiberForDevTools
FN:34673,injectIntoDevTools
FN:34711,(anonymous_1543)
FN:34716,ReactDOMRoot
FN:34719,(anonymous_1545)
FN:34744,(anonymous_1546)
FN:34759,(anonymous_1547)
FN:34765,createRoot
FN:34804,ReactDOMHydrationRoot
FN:34807,scheduleHydration
FN:34813,hydrateRoot
FN:34855,isValidContainer
FN:34860,isValidContainerLegacy
FN:34863,warnIfReactDOMContainerInDEV
FN:34880,(anonymous_1555)
FN:34900,getReactRootElementInContainer
FN:34910,noopOnRecoverableError
FN:34913,legacyCreateRootFromDOMContainer
FN:34917,(anonymous_1559)
FN:34945,(anonymous_1560)
FN:34964,(anonymous_1561)
FN:34970,warnOnInvalidCallback$1
FN:34977,legacyRenderSubtreeIntoContainer
FN:34991,(anonymous_1564)
FN:35001,findDOMNode
FN:35022,hydrate
FN:35038,render
FN:35053,unstable_renderSubtreeIntoContainer
FN:35065,unmountComponentAtNode
FN:35084,(anonymous_1570)
FN:35085,(anonymous_1571)
FN:35123,createPortal$1
FN:35132,renderSubtreeIntoContainer
FN:35141,createRoot$1
FN:35149,hydrateRoot$1
FN:35160,flushSync$1
FN:35212,(anonymous_1577)
FN:35220,(anonymous_1578)
FN:35228,(anonymous_1579)
FN:35244,(anonymous_1580)
FN:35249,checkDCE
FN:35283,(anonymous_1582)
FN:35298,(anonymous_1583)
FN:35371,computeFullKey
FN:35410,haveEqualSignatures
FN:35427,isReactClass
FN:35430,canPreserveStateBetween
FN:35439,resolveFamily
FN:35444,cloneMap
FN:35446,(anonymous_1590)
FN:35451,cloneSet
FN:35453,(anonymous_1592)
FN:35459,getProperty
FN:35467,performReactRefresh
FN:35480,(anonymous_1595)
FN:35502,(anonymous_1596)
FN:35516,(anonymous_1597)
FN:35539,(anonymous_1598)
FN:35563,register
FN:35603,setSignature
FN:35612,(anonymous_1601)
FN:35632,collectCustomHooksForSignature
FN:35640,getFamilyByID
FN:35645,getFamilyByType
FN:35650,findAffectedHostInstances
FN:35653,(anonymous_1606)
FN:35659,(anonymous_1607)
FN:35666,injectIntoGlobalHook
FN:35681,(anonymous_1609)
FN:35684,(anonymous_1610)
FN:35685,(anonymous_1611)
FN:35686,(anonymous_1612)
FN:35698,(anonymous_1613)
FN:35709,(anonymous_1614)
FN:35717,(anonymous_1615)
FN:35718,(anonymous_1616)
FN:35729,(anonymous_1617)
FN:35770,hasUnrecoverableErrors
FN:35775,_getMountedRootCount
FN:35802,createSignatureFunctionForTransform
FN:35807,(anonymous_1621)
FN:35836,isLikelyComponentType
FN:35905,(anonymous_1623)
FN:35920,(anonymous_1624)
FN:35936,(anonymous_1625)
FN:35960,getIteratorFn
FN:35971,error
FN:35981,printWarning
FN:35992,(anonymous_1629)
FN:36020,isValidElementType
FN:36040,getWrappedName
FN:36049,getContextName
FN:36053,getComponentNameFromType
FN:36130,disabledLog
FN:36132,disableLogs
FN:36165,reenableLogs
FN:36208,describeBuiltInComponentFrame
FN:36229,describeNativeComponentFrame
FN:36257,(anonymous_1639)
FN:36262,(anonymous_1640)
FN:36367,describeFunctionComponentFrame
FN:36372,shouldConstruct
FN:36376,describeUnknownElementTypeFrameInDEV
FN:36418,setCurrentlyValidatingElement
FN:36429,checkPropTypes
FN:36471,isArray
FN:36485,typeName
FN:36494,willCoercionThrow
FN:36504,testStringCoercion
FN:36530,checkKeyStringCoercion
FN:36551,hasValidRef
FN:36562,hasValidKey
FN:36573,warnIfStringRefCannotBeAutoConverted
FN:36584,defineKeyPropWarningGetter
FN:36586,(anonymous_1655)
FN:36599,defineRefPropWarningGetter
FN:36601,(anonymous_1657)
FN:36635,(anonymous_1658)
FN:36692,jsxDEV
FN:36750,setCurrentlyValidatingElement$1
FN:36773,isValidElement
FN:36778,getDeclarationErrorAddendum
FN:36789,getSourceInfoErrorAddendum
FN:36806,getCurrentComponentErrorInfo
FN:36830,validateExplicitKey
FN:36864,validateChildKeys
FN:36906,validatePropTypes
FN:36943,validateFragmentProps
FN:36962,jsxWithValidation
FN:37042,(anonymous_1670)
FN:37059,(anonymous_1671)
FN:37087,getIteratorFn
FN:37138,setExtraStackFrame
FN:37144,(anonymous_1674)
FN:37151,(anonymous_1675)
FN:37193,warn
FN:37203,error
FN:37213,printWarning
FN:37224,(anonymous_1679)
FN:37236,warnNoop
FN:37260,(anonymous_1681)
FN:37278,(anonymous_1682)
FN:37294,(anonymous_1683)
FN:37309,(anonymous_1684)
FN:37322,Component
FN:37358,(anonymous_1686)
FN:37379,(anonymous_1687)
FN:37393,(anonymous_1688)
FN:37395,(anonymous_1689)
FN:37407,ComponentDummy
FN:37413,PureComponent
FN:37427,createRef
FN:37438,isArray
FN:37452,typeName
FN:37461,willCoercionThrow
FN:37471,testStringCoercion
FN:37497,checkKeyStringCoercion
FN:37505,getWrappedName
FN:37514,getContextName
FN:37518,getComponentNameFromType
FN:37592,hasValidRef
FN:37603,hasValidKey
FN:37614,defineKeyPropWarningGetter
FN:37615,(anonymous_1704)
FN:37629,defineRefPropWarningGetter
FN:37630,(anonymous_1706)
FN:37644,warnIfStringRefCannotBeAutoConverted
FN:37676,(anonymous_1708)
FN:37731,createElement
FN:37800,cloneAndReplaceKey
FN:37809,cloneElement
FN:37877,isValidElement
FN:37889,escape
FN:37895,(anonymous_1714)
FN:37907,escapeUserProvidedKey
FN:37918,getElementKey
FN:37931,mapIntoArray
FN:37965,(anonymous_1718)
FN:38046,mapChildren
FN:38052,(anonymous_1720)
FN:38067,countChildren
FN:38069,(anonymous_1722)
FN:38087,forEachChildren
FN:38088,(anonymous_1724)
FN:38099,toArray
FN:38100,(anonymous_1726)
FN:38119,onlyChild
FN:38125,createContext
FN:38165,(anonymous_1729)
FN:38172,(anonymous_1730)
FN:38177,(anonymous_1731)
FN:38180,(anonymous_1732)
FN:38185,(anonymous_1733)
FN:38188,(anonymous_1734)
FN:38193,(anonymous_1735)
FN:38196,(anonymous_1736)
FN:38201,(anonymous_1737)
FN:38210,(anonymous_1738)
FN:38213,(anonymous_1739)
FN:38234,lazyInitializer
FN:38243,(anonymous_1741)
FN:38250,(anonymous_1742)
FN:38287,lazy
FN:38306,(anonymous_1744)
FN:38309,(anonymous_1745)
FN:38321,(anonymous_1746)
FN:38324,(anonymous_1747)
FN:38338,forwardRef
FN:38364,(anonymous_1749)
FN:38367,(anonymous_1750)
FN:38388,isValidElementType
FN:38408,memo
FN:38424,(anonymous_1753)
FN:38427,(anonymous_1754)
FN:38444,resolveDispatcher
FN:38456,useContext
FN:38473,useState
FN:38477,useReducer
FN:38481,useRef
FN:38485,useEffect
FN:38489,useInsertionEffect
FN:38493,useLayoutEffect
FN:38497,useCallback
FN:38501,useMemo
FN:38505,useImperativeHandle
FN:38509,useDebugValue
FN:38515,useTransition
FN:38519,useDeferredValue
FN:38523,useId
FN:38527,useSyncExternalStore
FN:38544,disabledLog
FN:38546,disableLogs
FN:38579,reenableLogs
FN:38622,describeBuiltInComponentFrame
FN:38643,describeNativeComponentFrame
FN:38671,(anonymous_1776)
FN:38676,(anonymous_1777)
FN:38781,describeFunctionComponentFrame
FN:38786,shouldConstruct
FN:38790,describeUnknownElementTypeFrameInDEV
FN:38831,setCurrentlyValidatingElement
FN:38842,checkPropTypes
FN:38882,setCurrentlyValidatingElement$1
FN:38897,getDeclarationErrorAddendum
FN:38906,getSourceInfoErrorAddendum
FN:38914,getSourceInfoErrorAddendumForProps
FN:38927,getCurrentComponentErrorInfo
FN:38949,validateExplicitKey
FN:38983,validateChildKeys
FN:39023,validatePropTypes
FN:39060,validateFragmentProps
FN:39079,createElementWithValidation
FN:39133,createFactoryWithValidation
FN:39144,(anonymous_1794)
FN:39155,cloneElementWithValidation
FN:39163,startTransition
FN:39187,enqueueTask
FN:39201,(anonymous_1798)
FN:39220,act
FN:39262,(anonymous_1800)
FN:39264,(anonymous_1801)
FN:39273,(anonymous_1802)
FN:39283,(anonymous_1803)
FN:39283,(anonymous_1804)
FN:39307,(anonymous_1805)
FN:39325,(anonymous_1806)
FN:39334,popActScope
FN:39342,recursivelyFlushAsyncActWork
FN:39348,(anonymous_1809)
FN:39367,flushActQueue
FN:39449,(anonymous_1811)
FN:39464,(anonymous_1812)
FN:39479,(anonymous_1813)
FN:39495,(anonymous_1814)
FN:39505,push
FN:39510,peek
FN:39513,pop
FN:39525,siftUp
FN:39541,siftDown
FN:39571,compare
FN:39583,markTaskErrored
FN:39590,(anonymous_1822)
FN:39596,(anonymous_1823)
FN:39629,advanceTimers
FN:39648,handleTimeout
FN:39663,flushWork
FN:39694,workLoop
FN:39734,unstable_runWithPriority
FN:39753,unstable_next
FN:39775,unstable_wrapCallback
FN:39777,(anonymous_1831)
FN:39788,unstable_scheduleCallback
FN:39856,unstable_pauseExecution
FN:39857,unstable_continueExecution
FN:39863,unstable_getFirstCallbackNode
FN:39866,unstable_cancelCallback
FN:39872,unstable_getCurrentPriorityLevel
FN:39884,shouldYieldToHost
FN:39894,requestPaint
FN:39895,forceFrameRate
FN:39908,(anonymous_1841)
FN:39951,(anonymous_1842)
FN:39960,(anonymous_1843)
FN:39965,(anonymous_1844)
FN:39969,requestHostCallback
FN:39976,requestHostTimeout
FN:39977,(anonymous_1847)
FN:39981,cancelHostTimeout
FN:40018,(anonymous_1849)
FN:40033,(anonymous_1850)
FN:40049,(anonymous_1851)
FN:40062,is
FN:40076,useSyncExternalStoreWithSelector
FN:40089,(anonymous_1854)
FN:40097,(anonymous_1855)
FN:40147,(anonymous_1856)
FN:40150,(anonymous_1857)
FN:40158,(anonymous_1858)
FN:40179,(anonymous_1859)
FN:40194,(anonymous_1860)
FN:40199,(anonymous_1861)
FN:40202,_classCallCheck
FN:40207,_defineProperties
FN:40216,_createClass
FN:40224,_toPropertyKey
FN:40228,_toPrimitive
FN:40239,(anonymous_1867)
FN:40243,WebSocketClient
FN:40246,(anonymous_1869)
FN:40256,onOpen
FN:40265,onClose
FN:40275,onMessage
FN:40276,(anonymous_1873)
FN:40291,(anonymous_1874)
FN:40306,ownKeys
FN:40310,(anonymous_1876)
FN:40316,_objectSpread
FN:40319,(anonymous_1878)
FN:40321,(anonymous_1879)
FN:40327,_defineProperty
FN:40341,_toPropertyKey
FN:40345,_toPrimitive
FN:40395,decodeOverlayOptions
FN:40397,(anonymous_1884)
FN:40473,setAllLogLevel
FN:40482,(anonymous_1886)
FN:40492,send
FN:40495,hot
FN:40501,liveReload
FN:40507,invalid
FN:40521,hash
FN:40529,overlay
FN:40539,reconnect
FN:40548,progress
FN:40554,progressUpdate
FN:40560,stillOk
FN:40569,ok
FN:40582,contentChanged
FN:40589,staticChanged
FN:40597,warnings
FN:40599,(anonymous_1901)
FN:40628,errors
FN:40630,(anonymous_1903)
FN:40655,error
FN:40658,close
FN:40677,(anonymous_1906)
FN:40679,(anonymous_1907)
FN:40691,(anonymous_1908)
FN:40695,clientTapableSyncBailHook
FN:40697,call
FN:40708,(anonymous_1911)
FN:40714,_toConsumableArray
FN:40717,_nonIterableSpread
FN:40720,_unsupportedIterableToArray
FN:40728,_iterableToArray
FN:40729,(anonymous_1916)
FN:40731,(anonymous_1917)
FN:40735,_arrayWithoutHoles
FN:40738,_arrayLikeToArray
FN:40743,_classCallCheck
FN:40748,_defineProperties
FN:40757,_createClass
FN:40765,_toPropertyKey
FN:40769,_toPrimitive
FN:40771,(anonymous_1925)
FN:40819,(anonymous_1926)
FN:40822,(anonymous_1927)
FN:40825,(anonymous_1928)
FN:40828,(anonymous_1929)
FN:40833,WebpackLogger
FN:40840,error
FN:40848,warn
FN:40856,info
FN:40864,log
FN:40872,debug
FN:40880,assert
FN:40890,trace
FN:40895,clear
FN:40900,status
FN:40908,group
FN:40916,groupCollapsed
FN:40924,groupEnd
FN:40932,profile
FN:40937,profileEnd
FN:40942,time
FN:40948,timeLog
FN:40958,timeEnd
FN:40969,timeAggregate
FN:40991,timeAggregateEnd
FN:41010,(anonymous_1950)
FN:41016,_toConsumableArray
FN:41019,_nonIterableSpread
FN:41022,_unsupportedIterableToArray
FN:41030,_iterableToArray
FN:41031,(anonymous_1955)
FN:41033,(anonymous_1956)
FN:41037,_arrayWithoutHoles
FN:41040,_arrayLikeToArray
FN:41083,filterToFunction
FN:41088,(anonymous_1960)
FN:41093,(anonymous_1961)
FN:41101,(anonymous_1962)
FN:41125,(anonymous_1963)
FN:41131,(anonymous_1964)
FN:41143,logger
FN:41144,labeledArgs
FN:41155,(anonymous_1967)
FN:41282,(anonymous_1968)
FN:41288,_extends
FN:41289,(anonymous_1970)
FN:41319,(anonymous_1971)
FN:41320,(anonymous_1972)
FN:41324,(anonymous_1973)
FN:41333,(anonymous_1974)
FN:41353,__nested_webpack_require_27242__
FN:41383,(anonymous_1976)
FN:41385,(anonymous_1977)
FN:41403,(anonymous_1978)
FN:41404,(anonymous_1979)
FN:41412,(anonymous_1980)
FN:41414,(anonymous_1981)
FN:41433,(anonymous_1982)
FN:41440,(anonymous_1983)
FN:41462,(anonymous_1984)
FN:41467,(anonymous_1985)
FN:41468,(anonymous_1986)
FN:41477,ownKeys
FN:41481,(anonymous_1988)
FN:41487,_objectSpread
FN:41490,(anonymous_1990)
FN:41492,(anonymous_1991)
FN:41498,_defineProperty
FN:41512,_toPropertyKey
FN:41516,_toPrimitive
FN:41553,formatProblem
FN:41567,(anonymous_1996)
FN:41589,createOverlay
FN:41606,applyStyle
FN:41607,(anonymous_1999)
FN:41615,createContainer
FN:41619,createHTML
FN:41628,(anonymous_2002)
FN:41644,(anonymous_2003)
FN:41657,(anonymous_2004)
FN:41672,ensureOverlayExists
FN:41687,hide
FN:41705,show
FN:41706,(anonymous_2008)
FN:41708,(anonymous_2009)
FN:41726,(anonymous_2010)
FN:41745,showOverlay
FN:41759,handleError
FN:41772,(anonymous_2013)
FN:41781,(anonymous_2014)
FN:41796,(anonymous_2015)
FN:41801,(anonymous_2016)
FN:41803,ownKeys
FN:41807,(anonymous_2018)
FN:41813,_objectSpread
FN:41816,(anonymous_2020)
FN:41818,(anonymous_2021)
FN:41824,_defineProperty
FN:41838,_toPropertyKey
FN:41842,_toPrimitive
FN:41884,createMachine
FN:41892,send
FN:41898,(anonymous_2027)
FN:41918,(anonymous_2028)
FN:41923,(anonymous_2029)
FN:41924,(anonymous_2030)
FN:41925,(anonymous_2031)
FN:41931,parseErrorToStacks
FN:41936,(anonymous_2033)
FN:41951,listenToRuntimeError
FN:41953,cleanup
FN:41967,listenToUnhandledRejection
FN:41969,cleanup
FN:41981,(anonymous_2038)
FN:41986,(anonymous_2039)
FN:42007,createOverlayMachine
FN:42061,dismissMessages
FN:42068,appendMessages
FN:42075,setMessages
FN:42096,(anonymous_2044)
FN:42101,(anonymous_2045)
FN:42102,(anonymous_2046)
FN:42103,(anonymous_2047)
FN:42104,(anonymous_2048)
FN:42105,(anonymous_2049)
FN:42106,(anonymous_2050)
FN:42107,(anonymous_2051)
FN:42190,(anonymous_2052)
FN:42195,(anonymous_2053)
FN:42196,(anonymous_2054)
FN:42226,initSocket
FN:42228,(anonymous_2056)
FN:42234,(anonymous_2057)
FN:42250,(anonymous_2058)
FN:42259,(anonymous_2059)
FN:42274,(anonymous_2060)
FN:42279,(anonymous_2061)
FN:42285,format
FN:42325,(anonymous_2063)
FN:42336,createSocketURL
FN:42409,(anonymous_2065)
FN:42414,(anonymous_2066)
FN:42419,getCurrentScriptSource
FN:42428,(anonymous_2068)
FN:42447,(anonymous_2069)
FN:42452,(anonymous_2070)
FN:42453,(anonymous_2071)
FN:42454,(anonymous_2072)
FN:42469,setLogLevel
FN:42476,logEnabledFeatures
FN:42500,(anonymous_2075)
FN:42505,(anonymous_2076)
FN:42514,parseURL
FN:42551,(anonymous_2078)
FN:42556,(anonymous_2079)
FN:42571,reloadApp
FN:42588,applyReload
FN:42609,(anonymous_2082)
FN:42631,(anonymous_2083)
FN:42636,(anonymous_2084)
FN:42645,sendMsg
FN:42661,(anonymous_2086)
FN:42666,(anonymous_2087)
FN:42679,stripAnsi
FN:42693,(anonymous_2089)
FN:42703,upToDate
FN:42707,check
FN:42708,(anonymous_2092)
FN:42724,(anonymous_2093)
FN:42738,(anonymous_2094)
FN:42754,(anonymous_2095)
FN:42765,(anonymous_2096)
FN:42776,(anonymous_2097)
FN:42777,(anonymous_2098)
FN:42783,(anonymous_2099)
FN:42791,(anonymous_2100)
FN:42801,(anonymous_2101)
FN:42814,(anonymous_2102)
FN:42820,dummy
FN:42826,shouldLog
FN:42835,logGroup
FN:42836,(anonymous_2106)
FN:42847,(anonymous_2107)
FN:42868,(anonymous_2108)
FN:42876,(anonymous_2109)
FN:42894,(anonymous_2110)
FN:42899,(anonymous_2111)
FN:42935,(anonymous_2112)
FN:42940,(anonymous_2113)
FN:42989,(anonymous_2114)
FN:42994,(anonymous_2115)
FN:43074,(anonymous_2116)
FN:43079,(anonymous_2117)
FN:43252,(anonymous_2118)
FN:43257,(anonymous_2119)
FN:43372,(anonymous_2120)
FN:43377,(anonymous_2121)
FN:43406,(anonymous_2122)
FN:43411,(anonymous_2123)
FN:43470,(anonymous_2124)
FN:43475,(anonymous_2125)
FN:43556,(anonymous_2126)
FN:43561,(anonymous_2127)
FN:43597,(anonymous_2128)
FN:43602,(anonymous_2129)
FN:43790,(anonymous_2130)
FN:43795,(anonymous_2131)
FN:43885,(anonymous_2132)
FN:43891,getIndexByIdentifier
FN:43901,modulesToDom
FN:43934,addElementStyle
FN:43937,updater
FN:43949,(anonymous_2137)
FN:43953,update
FN:43979,(anonymous_2139)
FN:44023,(anonymous_2140)
FN:44043,(anonymous_2141)
FN:44063,(anonymous_2142)
FN:44100,removeStyleElement
FN:44134,(anonymous_2144)
FN:44158,(anonymous_2145)
FN:44163,(anonymous_2146)
FN:44204,isEqualLocals
FN:44234,(anonymous_2148)
FN:44235,(anonymous_2149)
FN:44249,(anonymous_2150)
FN:44265,(anonymous_2151)
FN:44270,(anonymous_2152)
FN:44311,isEqualLocals
FN:44341,(anonymous_2154)
FN:44342,(anonymous_2155)
FN:44356,(anonymous_2156)
FN:44372,(anonymous_2157)
FN:44377,(anonymous_2158)
FN:44418,isEqualLocals
FN:44448,(anonymous_2160)
FN:44449,(anonymous_2161)
FN:44463,(anonymous_2162)
FN:44479,(anonymous_2163)
FN:44484,(anonymous_2164)
FN:44525,isEqualLocals
FN:44555,(anonymous_2166)
FN:44556,(anonymous_2167)
FN:44570,(anonymous_2168)
FN:44586,(anonymous_2169)
FN:44591,(anonymous_2170)
FN:44632,isEqualLocals
FN:44662,(anonymous_2172)
FN:44663,(anonymous_2173)
FN:44677,(anonymous_2174)
FN:44693,(anonymous_2175)
FN:44698,(anonymous_2176)
FN:44739,isEqualLocals
FN:44769,(anonymous_2178)
FN:44770,(anonymous_2179)
FN:44784,(anonymous_2180)
FN:44800,(anonymous_2181)
FN:44805,(anonymous_2182)
FN:44846,isEqualLocals
FN:44876,(anonymous_2184)
FN:44877,(anonymous_2185)
FN:44891,(anonymous_2186)
FN:44907,(anonymous_2187)
FN:44912,(anonymous_2188)
FN:44953,isEqualLocals
FN:44983,(anonymous_2190)
FN:44984,(anonymous_2191)
FN:44998,(anonymous_2192)
FN:45014,(anonymous_2193)
FN:45019,(anonymous_2194)
FN:45060,isEqualLocals
FN:45090,(anonymous_2196)
FN:45091,(anonymous_2197)
FN:45105,(anonymous_2198)
FN:45121,(anonymous_2199)
FN:45126,(anonymous_2200)
FN:45167,isEqualLocals
FN:45197,(anonymous_2202)
FN:45198,(anonymous_2203)
FN:45212,(anonymous_2204)
FN:45228,(anonymous_2205)
FN:45233,(anonymous_2206)
FN:45274,isEqualLocals
FN:45304,(anonymous_2208)
FN:45305,(anonymous_2209)
FN:45319,(anonymous_2210)
FN:45335,(anonymous_2211)
FN:45346,(anonymous_2212)
FN:45357,(anonymous_2213)
FN:45368,(anonymous_2214)
FN:45397,(anonymous_2215)
FN:45411,(anonymous_2216)
FN:45425,(anonymous_2217)
FN:45438,(anonymous_2218)
FN:45454,(anonymous_2219)
FN:45464,(anonymous_2220)
FN:45475,(anonymous_2221)
FN:45485,(anonymous_2222)
FN:45496,(anonymous_2223)
FN:45504,(anonymous_2224)
FN:45514,(anonymous_2225)
FN:45522,(anonymous_2226)
FN:45524,(anonymous_2227)
FN:45535,(anonymous_2228)
FN:45540,(anonymous_2229)
FN:45555,(anonymous_2230)
FN:45564,(anonymous_2231)
FN:45583,(anonymous_2232)
FN:45591,(anonymous_2233)
FN:45594,(anonymous_2234)
FN:45606,(anonymous_2235)
FN:45616,(anonymous_2236)
FN:45626,(anonymous_2237)
FN:45639,(anonymous_2238)
FN:45675,(anonymous_2239)
FN:45690,(anonymous_2240)
FN:45691,(anonymous_2241)
FN:45724,(anonymous_2242)
FN:45783,(anonymous_2243)
FN:45788,(anonymous_2244)
FN:45802,(anonymous_2245)
FN:45813,(anonymous_2246)
FN:45823,(anonymous_2247)
FN:45834,(anonymous_2248)
FN:45836,(anonymous_2249)
FN:45848,(anonymous_2250)
FN:45854,(anonymous_2251)
FN:45856,(anonymous_2252)
FN:45867,(anonymous_2253)
FN:45874,(anonymous_2254)
FN:45884,(anonymous_2255)
FN:45891,(anonymous_2256)
FN:45904,(anonymous_2257)
FN:45913,(anonymous_2258)
FN:45914,(anonymous_2259)
FN:45925,(anonymous_2260)
FN:45933,(anonymous_2261)
FN:45936,(anonymous_2262)
FN:45946,(anonymous_2263)
FN:45956,(anonymous_2264)
FN:45967,(anonymous_2265)
FN:45972,(anonymous_2266)
FN:45983,(anonymous_2267)
FN:45993,(anonymous_2268)
FN:46005,hasOwn
FN:46015,(anonymous_2270)
FN:46025,(anonymous_2271)
FN:46028,(anonymous_2272)
FN:46040,(anonymous_2273)
FN:46052,(anonymous_2274)
FN:46056,(anonymous_2275)
FN:46066,(anonymous_2276)
FN:46077,(anonymous_2277)
FN:46079,(anonymous_2278)
FN:46089,(anonymous_2279)
FN:46097,(anonymous_2280)
FN:46101,(anonymous_2281)
FN:46115,(anonymous_2282)
FN:46122,(anonymous_2283)
FN:46132,(anonymous_2284)
FN:46138,(anonymous_2285)
FN:46148,(anonymous_2286)
FN:46161,(anonymous_2287)
FN:46171,(anonymous_2288)
FN:46173,(anonymous_2289)
FN:46184,(anonymous_2290)
FN:46205,defineProperty
FN:46221,defineProperty
FN:46239,(anonymous_2293)
FN:46258,getOwnPropertyDescriptor
FN:46273,(anonymous_2295)
FN:46287,(anonymous_2296)
FN:46303,propertyIsEnumerable
FN:46314,(anonymous_2298)
FN:46326,(anonymous_2299)
FN:46340,(anonymous_2300)
FN:46353,(anonymous_2301)
FN:46363,(anonymous_2302)
FN:46374,(anonymous_2303)
FN:46391,(anonymous_2304)
FN:46398,(anonymous_2305)
FN:46414,(anonymous_2306)
FN:46426,(anonymous_2307)
FN:46443,(anonymous_2308)
FN:46451,(anonymous_2309)
FN:46461,(anonymous_2310)
FN:46471,(anonymous_2311)
FN:46481,(anonymous_2312)
FN:46497,(anonymous_2313)
FN:46517,(anonymous_2314)
FN:46527,(anonymous_2315)
FN:46538,(anonymous_2316)
FN:46544,(anonymous_2317)
FN:46558,(anonymous_2318)
FN:46567,(anonymous_2319)
FN:46577,(anonymous_2320)
FN:46592,(anonymous_2321)
FN:46602,(anonymous_2322)
FN:46604,(anonymous_2323)
FN:46616,(anonymous_2324)
FN:46630,(anonymous_2325)
FN:46643,(anonymous_2326)
FN:46666,(anonymous_2327)
FN:46680,(anonymous_2328)
FN:46694,(anonymous_2329)
FN:46699,(anonymous_2330)
FN:46700,(anonymous_2331)
FN:46701,(anonymous_2332)
FN:46702,(anonymous_2333)
FN:46703,(anonymous_2334)
FN:46704,(anonymous_2335)
FN:46705,(anonymous_2336)
FN:46706,(anonymous_2337)
FN:46707,(anonymous_2338)
FN:46708,(anonymous_2339)
FN:46709,(anonymous_2340)
FN:46710,(anonymous_2341)
FN:46711,(anonymous_2342)
FN:46712,(anonymous_2343)
FN:46713,(anonymous_2344)
FN:46714,(anonymous_2345)
FN:46715,(anonymous_2346)
FN:46716,(anonymous_2347)
FN:46717,(anonymous_2348)
FN:46718,(anonymous_2349)
FN:46719,(anonymous_2350)
FN:46720,(anonymous_2351)
FN:46721,(anonymous_2352)
FN:46722,(anonymous_2353)
FN:46723,(anonymous_2354)
FN:46724,(anonymous_2355)
FN:46725,(anonymous_2356)
FN:46726,(anonymous_2357)
FN:46727,(anonymous_2358)
FN:46728,(anonymous_2359)
FN:46729,(anonymous_2360)
FN:46730,(anonymous_2361)
FN:46731,(anonymous_2362)
FN:46732,(anonymous_2363)
FN:46733,(anonymous_2364)
FN:46734,(anonymous_2365)
FN:46735,(anonymous_2366)
FN:46736,(anonymous_2367)
FN:46737,(anonymous_2368)
FN:46738,(anonymous_2369)
FN:46739,(anonymous_2370)
FN:46740,(anonymous_2371)
FN:46741,(anonymous_2372)
FN:46742,(anonymous_2373)
FN:46743,(anonymous_2374)
FN:46744,(anonymous_2375)
FN:46745,(anonymous_2376)
FN:46746,(anonymous_2377)
FN:46747,(anonymous_2378)
FN:46748,(anonymous_2379)
FN:46749,(anonymous_2380)
FN:46750,(anonymous_2381)
FN:46751,(anonymous_2382)
FN:46752,(anonymous_2383)
FN:46753,(anonymous_2384)
FN:46754,(anonymous_2385)
FN:46755,(anonymous_2386)
FN:46756,(anonymous_2387)
FN:46757,(anonymous_2388)
FN:46771,(anonymous_2389)
FN:46773,(anonymous_2390)
FN:46775,(anonymous_2391)
FN:46779,(anonymous_2392)
FN:46790,(anonymous_2393)
FN:46795,(anonymous_2394)
FN:46796,(anonymous_2395)
FN:46808,(anonymous_2396)
FN:46813,createAction
FN:46814,actionCreator
FN:46836,(anonymous_2399)
FN:46838,(anonymous_2400)
FN:46841,isActionCreator
FN:46846,isFSA
FN:46849,isValidKey
FN:46854,getMessage
FN:46860,createActionCreatorInvariantMiddleware
FN:46865,(anonymous_2406)
FN:46865,(anonymous_2407)
FN:46865,(anonymous_2408)
FN:46875,getTimeMeasureUtils
FN:46878,(anonymous_2410)
FN:46887,(anonymous_2411)
FN:46896,find
FN:46905,(anonymous_2413)
FN:46909,(anonymous_2414)
FN:46912,(anonymous_2415)
FN:46915,(anonymous_2416)
FN:46922,freezeDraftable
FN:46923,(anonymous_2418)
FN:46925,emplace
FN:46941,isImmutableDefault
FN:46944,trackForMutations
FN:46947,(anonymous_2422)
FN:46952,trackProperties
FN:46969,detectMutations
FN:46994,(anonymous_2425)
FN:47013,createImmutableStateInvariantMiddleware
FN:47015,(anonymous_2427)
FN:47018,(anonymous_2428)
FN:47021,(anonymous_2429)
FN:47025,(anonymous_2430)
FN:47043,(anonymous_2431)
FN:47049,(anonymous_2432)
FN:47049,(anonymous_2433)
FN:47051,(anonymous_2434)
FN:47060,(anonymous_2435)
FN:47077,isPlain
FN:47081,findNonSerializableValue
FN:47098,(anonymous_2438)
FN:47124,isNestedFrozen
FN:47132,createSerializableStateInvariantMiddleware
FN:47146,(anonymous_2441)
FN:47146,(anonymous_2442)
FN:47146,(anonymous_2443)
FN:47153,(anonymous_2444)
FN:47165,(anonymous_2445)
FN:47186,isBoolean
FN:47189,(anonymous_2447)
FN:47189,getDefaultMiddleware
FN:47232,(anonymous_2449)
FN:47232,(anonymous_2450)
FN:47238,(anonymous_2451)
FN:47239,(anonymous_2452)
FN:47244,(anonymous_2453)
FN:47246,(anonymous_2454)
FN:47246,(anonymous_2455)
FN:47253,(anonymous_2456)
FN:47257,(anonymous_2457)
FN:47263,(anonymous_2458)
FN:47264,(anonymous_2459)
FN:47267,(anonymous_2460)
FN:47274,(anonymous_2461)
FN:47293,(anonymous_2462)
FN:47293,getDefaultEnhancers
FN:47306,configureStore
FN:47335,(anonymous_2465)
FN:47355,(anonymous_2466)
FN:47369,executeReducerBuilderCallback
FN:47374,(anonymous_2468)
FN:47393,(anonymous_2469)
FN:47405,(anonymous_2470)
FN:47420,isStateFunction
FN:47423,createReducer
FN:47432,(anonymous_2473)
FN:47435,(anonymous_2474)
FN:47437,reducer
FN:47438,(anonymous_2476)
FN:47440,(anonymous_2477)
FN:47443,(anonymous_2478)
FN:47446,(anonymous_2479)
FN:47465,(anonymous_2480)
FN:47479,(anonymous_2481)
FN:47489,(anonymous_2482)
FN:47496,isAnyOf
FN:47497,(anonymous_2484)
FN:47498,(anonymous_2485)
FN:47501,isAllOf
FN:47502,(anonymous_2487)
FN:47503,(anonymous_2488)
FN:47506,hasExpectedRequestMetadata
FN:47512,isAsyncThunkArray
FN:47515,isPending
FN:47517,(anonymous_2492)
FN:47522,(anonymous_2493)
FN:47523,(anonymous_2494)
FN:47528,isRejected
FN:47530,(anonymous_2496)
FN:47535,(anonymous_2497)
FN:47536,(anonymous_2498)
FN:47541,isRejectedWithValue
FN:47542,(anonymous_2500)
FN:47546,(anonymous_2501)
FN:47554,(anonymous_2502)
FN:47559,isFulfilled
FN:47561,(anonymous_2504)
FN:47566,(anonymous_2505)
FN:47567,(anonymous_2506)
FN:47572,isAsyncThunkAction
FN:47574,(anonymous_2508)
FN:47579,(anonymous_2509)
FN:47592,(anonymous_2510)
FN:47603,(anonymous_2511)
FN:47613,(anonymous_2512)
FN:47627,(anonymous_2513)
FN:47628,createAsyncThunk2
FN:47629,(anonymous_2515)
FN:47638,(anonymous_2516)
FN:47647,(anonymous_2517)
FN:47660,actionCreator
FN:47661,(anonymous_2519)
FN:47666,abort
FN:47670,(anonymous_2521)
FN:47686,(anonymous_2522)
FN:47687,(anonymous_2523)
FN:47709,(anonymous_2524)
FN:47712,(anonymous_2525)
FN:47715,(anonymous_2526)
FN:47741,(anonymous_2527)
FN:47755,(anonymous_2528)
FN:47758,unwrapResult
FN:47767,isThenable
FN:47776,(anonymous_2531)
FN:47782,getType
FN:47785,buildCreateSlice
FN:47789,createSlice2
FN:47811,(anonymous_2535)
FN:47822,(anonymous_2536)
FN:47829,(anonymous_2537)
FN:47833,(anonymous_2538)
FN:47838,(anonymous_2539)
FN:47851,buildReducer
FN:47862,(anonymous_2541)
FN:47877,(anonymous_2542)
FN:47880,reducer
FN:47884,getInitialState
FN:47888,makeSelectorProps
FN:47889,selectSlice
FN:47900,getSelectors
FN:47902,(anonymous_2548)
FN:47905,(anonymous_2549)
FN:47917,(anonymous_2550)
FN:47930,(anonymous_2551)
FN:47948,wrapSelector
FN:47949,wrapper
FN:47964,buildReducerCreators
FN:47965,asyncThunk
FN:47972,(anonymous_2556)
FN:47974,(anonymous_2557)
FN:47978,(anonymous_2558)
FN:47985,(anonymous_2559)
FN:47995,handleNormalReducerDefinition
FN:48013,isAsyncThunkSliceReducerDefinition
FN:48016,isCaseReducerWithPrepareDefinition
FN:48019,handleThunkCaseReducerDefinition
FN:48055,noop
FN:48058,getInitialEntityState
FN:48064,createInitialStateFactory
FN:48065,getInitialState
FN:48074,createSelectorsFactory
FN:48075,getSelectors
FN:48079,(anonymous_2570)
FN:48080,(anonymous_2571)
FN:48081,(anonymous_2572)
FN:48081,(anonymous_2573)
FN:48082,(anonymous_2574)
FN:48083,(anonymous_2575)
FN:48084,(anonymous_2576)
FN:48111,createSingleArgumentStateOperator
FN:48112,(anonymous_2578)
FN:48113,operation
FN:48117,createStateOperator
FN:48118,operation
FN:48119,isPayloadActionArgument
FN:48122,(anonymous_2583)
FN:48138,selectIdValue
FN:48145,ensureEntitiesArray
FN:48151,splitAddedUpdatedEntities
FN:48170,createUnsortedStateAdapter
FN:48171,addOneMutably
FN:48179,addManyMutably
FN:48185,setOneMutably
FN:48192,setManyMutably
FN:48198,setAllMutably
FN:48204,removeOneMutably
FN:48207,removeManyMutably
FN:48209,(anonymous_2595)
FN:48216,(anonymous_2596)
FN:48219,removeAllMutably
FN:48225,takeNewKey
FN:48240,updateOneMutably
FN:48243,updateManyMutably
FN:48246,(anonymous_2601)
FN:48262,(anonymous_2602)
FN:48264,(anonymous_2603)
FN:48268,upsertOneMutably
FN:48271,upsertManyMutably
FN:48293,createSortedStateAdapter
FN:48299,addOneMutably
FN:48302,addManyMutably
FN:48304,(anonymous_2609)
FN:48309,setOneMutably
FN:48312,setManyMutably
FN:48318,setAllMutably
FN:48324,updateOneMutably
FN:48327,updateManyMutably
FN:48346,upsertOneMutably
FN:48349,upsertManyMutably
FN:48354,areArraysEqual
FN:48366,merge
FN:48367,(anonymous_2619)
FN:48372,resortEntities
FN:48400,createEntityAdapter
FN:48406,(anonymous_2622)
FN:48434,(anonymous_2623)
FN:48443,(anonymous_2624)
FN:48448,(anonymous_2625)
FN:48449,(anonymous_2626)
FN:48453,(anonymous_2627)
FN:48457,(anonymous_2628)
FN:48459,(anonymous_2629)
FN:48477,(anonymous_2630)
FN:48485,raceWithSignal
FN:48487,(anonymous_2632)
FN:48488,(anonymous_2633)
FN:48494,(anonymous_2634)
FN:48495,(anonymous_2635)
FN:48499,(anonymous_2636)
FN:48516,(anonymous_2637)
FN:48517,(anonymous_2638)
FN:48518,(anonymous_2639)
FN:48524,(anonymous_2640)
FN:48526,(anonymous_2641)
FN:48527,(anonymous_2642)
FN:48537,(anonymous_2643)
FN:48538,(anonymous_2644)
FN:48538,(anonymous_2645)
FN:48539,(anonymous_2646)
FN:48543,(anonymous_2647)
FN:48553,(anonymous_2648)
FN:48559,(anonymous_2649)
FN:48565,(anonymous_2650)
FN:48566,(anonymous_2651)
FN:48568,(anonymous_2652)
FN:48569,(anonymous_2653)
FN:48572,(anonymous_2654)
FN:48577,(anonymous_2655)
FN:48584,(anonymous_2656)
FN:48594,(anonymous_2657)
FN:48596,(anonymous_2658)
FN:48621,(anonymous_2659)
FN:48634,(anonymous_2660)
FN:48640,(anonymous_2661)
FN:48642,(anonymous_2662)
FN:48643,(anonymous_2663)
FN:48647,(anonymous_2664)
FN:48648,(anonymous_2665)
FN:48653,(anonymous_2666)
FN:48657,(anonymous_2667)
FN:48663,(anonymous_2668)
FN:48667,(anonymous_2669)
FN:48669,(anonymous_2670)
FN:48672,(anonymous_2671)
FN:48679,(anonymous_2672)
FN:48680,(anonymous_2673)
FN:48682,(anonymous_2674)
FN:48689,(anonymous_2675)
FN:48690,(anonymous_2676)
FN:48697,(anonymous_2677)
FN:48699,(anonymous_2678)
FN:48705,(anonymous_2679)
FN:48718,(anonymous_2680)
FN:48720,(anonymous_2681)
FN:48730,(anonymous_2682)
FN:48738,(anonymous_2683)
FN:48741,(anonymous_2684)
FN:48742,(anonymous_2685)
FN:48749,(anonymous_2686)
FN:48753,(anonymous_2687)
FN:48770,(anonymous_2688)
FN:48770,(anonymous_2689)
FN:48770,(anonymous_2690)
FN:48785,(anonymous_2691)
FN:48828,(anonymous_2692)
FN:48833,(anonymous_2693)
FN:48833,(anonymous_2694)
FN:48834,(anonymous_2695)
FN:48837,(anonymous_2696)
FN:48843,(anonymous_2697)
FN:48845,addMiddleware2
FN:48846,(anonymous_2699)
FN:48847,(anonymous_2700)
FN:48854,(anonymous_2701)
FN:48856,(anonymous_2702)
FN:48857,(anonymous_2703)
FN:48858,(anonymous_2704)
FN:48863,(anonymous_2705)
FN:48863,(anonymous_2706)
FN:48863,(anonymous_2707)
FN:48880,(anonymous_2708)
FN:48881,(anonymous_2709)
FN:48881,(anonymous_2710)
FN:48883,(anonymous_2711)
FN:48885,(anonymous_2712)
FN:48886,(anonymous_2713)
FN:48887,(anonymous_2714)
FN:48906,(anonymous_2715)
FN:48912,combineSlices
FN:48914,(anonymous_2717)
FN:48916,combinedReducer
FN:48919,(anonymous_2719)
FN:48920,(anonymous_2720)
FN:48936,makeSelector
FN:48937,selector2
FN:48950,formatProdErrorMessage
FN:48961,(anonymous_2724)
FN:48966,(anonymous_2725)
FN:48967,(anonymous_2726)
FN:48968,(anonymous_2727)
FN:48969,(anonymous_2728)
FN:48970,(anonymous_2729)
FN:48971,(anonymous_2730)
FN:48972,(anonymous_2731)
FN:48973,(anonymous_2732)
FN:48974,(anonymous_2733)
FN:48975,(anonymous_2734)
FN:48976,(anonymous_2735)
FN:48977,(anonymous_2736)
FN:48978,(anonymous_2737)
FN:48979,(anonymous_2738)
FN:48980,(anonymous_2739)
FN:48981,(anonymous_2740)
FN:48982,(anonymous_2741)
FN:48983,(anonymous_2742)
FN:48984,(anonymous_2743)
FN:48994,(anonymous_2744)
FN:48996,(anonymous_2745)
FN:48998,(anonymous_2746)
FN:49000,(anonymous_2747)
FN:49002,(anonymous_2748)
FN:49008,die
FN:49019,isDraft
FN:49022,isDraftable
FN:49027,isPlainObject
FN:49037,original
FN:49041,each
FN:49043,(anonymous_2755)
FN:49047,(anonymous_2756)
FN:49050,getArchtype
FN:49054,has
FN:49057,get
FN:49060,set
FN:49066,is
FN:49073,isMap
FN:49076,isSet
FN:49079,latest
FN:49082,shallowCopy
FN:49119,freeze
FN:49125,(anonymous_2767)
FN:49128,dontMutateFrozenCollections
FN:49131,isFrozen
FN:49137,getPlugin
FN:49144,loadPlugin
FN:49150,getCurrentScope
FN:49153,createScope
FN:49164,usePatchesInScope
FN:49172,revokeScope
FN:49177,leaveScope
FN:49182,enterScope
FN:49185,revokeDraft
FN:49191,processResult
FN:49216,finalize
FN:49220,(anonymous_2781)
FN:49241,(anonymous_2782)
FN:49249,finalizeProperty
FN:49271,maybeFreeze
FN:49278,createProxyProxy
FN:49319,(anonymous_2786)
FN:49335,(anonymous_2787)
FN:49338,(anonymous_2788)
FN:49341,(anonymous_2789)
FN:49368,(anonymous_2790)
FN:49383,(anonymous_2791)
FN:49394,(anonymous_2792)
FN:49397,(anonymous_2793)
FN:49400,(anonymous_2794)
FN:49405,(anonymous_2795)
FN:49406,(anonymous_2796)
FN:49411,(anonymous_2797)
FN:49415,(anonymous_2798)
FN:49419,peek
FN:49424,readPropFromProto
FN:49431,getDescriptorFromProto
FN:49441,markChanged
FN:49449,prepareCopy
FN:49457,(anonymous_2804)
FN:49479,(anonymous_2805)
FN:49484,curriedProduce
FN:49485,(anonymous_2807)
FN:49517,(anonymous_2808)
FN:49519,(anonymous_2809)
FN:49519,(anonymous_2810)
FN:49522,(anonymous_2811)
FN:49531,(anonymous_2812)
FN:49540,(anonymous_2813)
FN:49554,(anonymous_2814)
FN:49562,(anonymous_2815)
FN:49565,(anonymous_2816)
FN:49581,(anonymous_2817)
FN:49584,createProxy
FN:49592,current
FN:49596,currentImpl
FN:49607,(anonymous_2821)
FN:49617,enablePatches
FN:49620,(anonymous_2823)
FN:49622,(anonymous_2824)
FN:49629,generatePatches_
FN:49640,generateArrayPatches
FN:49686,generatePatchesFromAssigned
FN:49691,(anonymous_2828)
FN:49719,generateSetPatches
FN:49725,(anonymous_2830)
FN:49742,(anonymous_2831)
FN:49759,generateReplacementPatches_
FN:49771,applyPatches_
FN:49772,(anonymous_2834)
FN:49830,deepClonePatchValue
FN:49833,(anonymous_2836)
FN:49840,clonePatchValueIfNeeded
FN:49853,enableMapSet
FN:49855,(anonymous_2839)
FN:49871,(anonymous_2840)
FN:49874,(anonymous_2841)
FN:49877,(anonymous_2842)
FN:49889,(anonymous_2843)
FN:49905,(anonymous_2844)
FN:49912,(anonymous_2845)
FN:49918,(anonymous_2846)
FN:49920,(anonymous_2847)
FN:49924,(anonymous_2848)
FN:49939,(anonymous_2849)
FN:49942,(anonymous_2850)
FN:49945,(anonymous_2851)
FN:49946,(anonymous_2852)
FN:49957,(anonymous_2853)
FN:49960,(anonymous_2854)
FN:49961,(anonymous_2855)
FN:49972,(anonymous_2856)
FN:49976,proxyMap_
FN:49979,prepareMapCopy
FN:49986,(anonymous_2859)
FN:50002,(anonymous_2860)
FN:50005,(anonymous_2861)
FN:50015,(anonymous_2862)
FN:50025,(anonymous_2863)
FN:50036,(anonymous_2864)
FN:50045,(anonymous_2865)
FN:50051,(anonymous_2866)
FN:50057,(anonymous_2867)
FN:50060,(anonymous_2868)
FN:50063,(anonymous_2869)
FN:50072,proxySet_
FN:50075,prepareSetCopy
FN:50078,(anonymous_2872)
FN:50089,assertUnrevoked
FN:50107,castDraft
FN:50110,castImmutable
FN:50121,(anonymous_2876)
FN:50127,(anonymous_2877)
FN:50128,(anonymous_2878)
FN:50129,(anonymous_2879)
FN:50130,(anonymous_2880)
FN:50131,(anonymous_2881)
FN:50132,(anonymous_2882)
FN:50133,(anonymous_2883)
FN:50134,(anonymous_2884)
FN:50135,(anonymous_2885)
FN:50136,(anonymous_2886)
FN:50137,(anonymous_2887)
FN:50156,getContext
FN:50172,(anonymous_2889)
FN:50177,createReduxContextHook
FN:50178,useReduxContext2
FN:50190,(anonymous_2892)
FN:50193,(anonymous_2893)
FN:50194,createSelectorHook
FN:50196,(anonymous_2895)
FN:50223,(anonymous_2896)
FN:50280,(anonymous_2897)
FN:50304,isValidElementType
FN:50323,typeOf
FN:50362,isContextConsumer
FN:50365,isMemo
FN:50370,warning
FN:50380,verify
FN:50389,verifySubselectors
FN:50396,pureFinalPropsSelectorFactory
FN:50407,handleFirstCall
FN:50416,handleNewPropsAndNewState
FN:50422,handleNewProps
FN:50428,handleNewState
FN:50435,handleSubsequentCalls
FN:50445,pureFinalPropsSelector
FN:50449,finalPropsSelectorFactory
FN:50465,bindActionCreators
FN:50470,(anonymous_2914)
FN:50477,isPlainObject
FN:50489,verifyPlainObject
FN:50496,wrapMapToPropsConstant
FN:50497,initConstantSelector
FN:50499,constantSelector
[...]
BRDA:52571,5829,0,0
BRDA:52571,5829,1,0
BRDA:52571,5830,0,0
BRDA:52571,5830,1,0
BRDA:52582,5831,0,0
BRDA:52582,5831,1,0
BRDA:52625,5832,0,0
BRDA:52625,5832,1,0
BRDA:52627,5833,0,0
BRDA:52627,5833,1,0
BRDA:52628,5834,0,0
BRDA:52628,5834,1,0
BRDA:52630,5835,0,0
BRDA:52630,5835,1,0
BRDA:52637,5836,0,0
BRDA:52637,5836,1,0
BRDA:52664,5837,0,0
BRDA:52664,5837,1,0
BRDA:52664,5838,0,0
BRDA:52664,5838,1,0
BRDA:52688,5839,0,0
BRDA:52688,5839,1,0
BRDA:52695,5840,0,0
BRDA:52695,5840,1,0
BRDA:52696,5841,0,0
BRDA:52696,5841,1,0
BRDA:52697,5842,0,0
BRDA:52697,5842,1,0
BRDA:52697,5843,0,0
BRDA:52697,5843,1,0
BRDA:52699,5844,0,0
BRDA:52699,5844,1,0
BRDA:52703,5845,0,0
BRDA:52703,5845,1,0
BRDA:52708,5846,0,0
BRDA:52708,5846,1,0
BRDA:52709,5847,0,0
BRDA:52709,5847,1,0
BRDA:52709,5848,0,0
BRDA:52709,5848,1,0
BRDA:52722,5849,0,0
BRDA:52722,5849,1,0
BRDA:52726,5850,0,0
BRDA:52726,5850,1,0
BRDA:52726,5850,2,0
BRDA:52726,5850,3,0
BRDA:52726,5850,4,0
BRDA:52726,5850,5,0
BRDA:52726,5850,6,0
BRDA:52749,5851,0,0
BRDA:52749,5851,1,0
BRDA:52763,5852,0,0
BRDA:52763,5852,1,0
BRDA:52771,5853,0,0
BRDA:52771,5853,1,0
BRDA:52792,5854,0,0
BRDA:52792,5854,1,0
BRDA:52794,5855,0,0
BRDA:52794,5855,1,0
BRDA:52806,5856,0,0
BRDA:52806,5856,1,0
BRDA:52806,5856,2,0
BRDA:52820,5857,0,0
BRDA:52820,5857,1,0
BRDA:52829,5858,0,0
BRDA:52829,5858,1,0
BRDA:52835,5859,0,0
BRDA:52835,5859,1,0
BRDA:52836,5860,0,0
BRDA:52836,5860,1,0
BRDA:52864,5861,0,0
BRDA:52864,5861,1,0
BRDA:52878,5862,0,0
BRDA:52878,5862,1,0
BRDA:52891,5863,0,0
BRDA:52891,5863,1,0
BRDA:52906,5864,0,0
BRDA:52906,5864,1,0
BRDA:52916,5865,0,0
BRDA:52916,5865,1,0
BRDA:52924,5866,0,0
BRDA:52924,5866,1,0
BRDA:52929,5867,0,0
BRDA:52929,5867,1,0
BRDA:52931,5868,0,0
BRDA:52931,5868,1,0
BRDA:52941,5869,0,0
BRDA:52941,5869,1,0
BRDA:52947,5870,0,0
BRDA:52947,5870,1,0
BRDA:52950,5871,0,0
BRDA:52950,5871,1,0
BRDA:52963,5872,0,0
BRDA:52963,5872,1,0
BRDA:52964,5873,0,0
BRDA:52964,5873,1,0
BRDA:52993,5874,0,0
BRDA:52993,5874,1,0
BRDA:52993,5875,0,0
BRDA:52993,5875,1,0
BRDA:53034,5876,0,0
BRDA:53034,5876,1,0
BRDA:53047,5877,0,0
BRDA:53047,5877,1,0
BRDA:53052,5878,0,0
BRDA:53052,5878,1,0
BRDA:53058,5879,0,0
BRDA:53058,5879,1,0
BRDA:53059,5880,0,0
BRDA:53059,5880,1,0
BRDA:53062,5881,0,0
BRDA:53062,5881,1,0
BRDA:53065,5882,0,0
BRDA:53065,5882,1,0
BRDA:53075,5883,0,0
BRDA:53075,5883,1,0
BRDA:53077,5884,0,0
BRDA:53077,5884,1,0
BRDA:53078,5885,0,0
BRDA:53078,5885,1,0
BRDA:53079,5886,0,0
BRDA:53079,5886,1,0
BRDA:53079,5887,0,0
BRDA:53079,5887,1,0
BRDA:53080,5888,0,0
BRDA:53080,5888,1,0
BRDA:53080,5888,2,0
BRDA:53110,5889,0,0
BRDA:53110,5889,1,0
BRDA:53112,5890,0,0
BRDA:53112,5890,1,0
BRDA:53112,5891,0,0
BRDA:53112,5891,1,0
BRDA:53113,5892,0,0
BRDA:53113,5892,1,0
BRDA:53113,5892,2,0
BRDA:53127,5893,0,0
BRDA:53127,5893,1,0
BRDA:53129,5894,0,0
BRDA:53129,5894,1,0
BRDA:53132,5895,0,0
BRDA:53132,5895,1,0
BRDA:53133,5896,0,0
BRDA:53133,5896,1,0
BRDA:53144,5897,0,0
BRDA:53144,5897,1,0
BRDA:53161,5898,0,0
BRDA:53161,5898,1,0
BRDA:53162,5899,0,0
BRDA:53162,5899,1,0
BRDA:53162,5899,2,0
BRDA:53166,5900,0,0
BRDA:53166,5900,1,0
BRDA:53173,5901,0,0
BRDA:53173,5901,1,0
BRDA:53183,5902,0,0
BRDA:53183,5902,1,0
BRDA:53184,5903,0,0
BRDA:53184,5903,1,0
BRDA:53192,5904,0,0
BRDA:53192,5904,1,0
BRDA:53193,5905,0,0
BRDA:53193,5905,1,0
BRDA:53194,5906,0,0
BRDA:53194,5906,1,0
BRDA:53219,5907,0,0
BRDA:53219,5907,1,0
BRDA:53236,5908,0,0
BRDA:53236,5908,1,0
BRDA:53240,5909,0,0
BRDA:53240,5909,1,0
BRDA:53253,5910,0,0
BRDA:53253,5910,1,0
BRDA:53256,5911,0,0
BRDA:53256,5911,1,0
BRDA:53256,5911,2,0
BRDA:53256,5911,3,0
BRDA:53256,5911,4,0
BRDA:53256,5911,5,0
BRDA:53258,5912,0,0
BRDA:53258,5912,1,0
BRDA:53259,5913,0,0
BRDA:53259,5913,1,0
BRDA:53267,5914,0,0
BRDA:53267,5914,1,0
BRDA:53268,5915,0,0
BRDA:53268,5915,1,0
BRDA:53278,5916,0,0
BRDA:53278,5916,1,0
BRDA:53279,5917,0,0
BRDA:53279,5917,1,0
BRDA:53285,5918,0,0
BRDA:53285,5918,1,0
BRDA:53289,5919,0,0
BRDA:53289,5919,1,0
BRDA:53295,5920,0,0
BRDA:53295,5920,1,0
BRDA:53300,5921,0,0
BRDA:53300,5921,1,0
BRDA:53304,5922,0,0
BRDA:53304,5922,1,0
BRDA:53305,5923,0,0
BRDA:53305,5923,1,0
BRDA:53314,5924,0,0
BRDA:53314,5924,1,0
BRDA:53327,5925,0,0
BRDA:53327,5925,1,0
BRDA:53328,5926,0,0
BRDA:53328,5926,1,0
BRDA:53328,5926,2,0
BRDA:53328,5926,3,0
BRDA:53328,5926,4,0
BRDA:53357,5927,0,0
BRDA:53357,5927,1,0
BRDA:53380,5928,0,0
BRDA:53380,5928,1,0
BRDA:53382,5929,0,0
BRDA:53382,5929,1,0
BRDA:53391,5930,0,0
BRDA:53391,5930,1,0
BRDA:53393,5931,0,0
BRDA:53393,5931,1,0
BRDA:53399,5932,0,0
BRDA:53399,5932,1,0
BRDA:53408,5933,0,0
BRDA:53408,5933,1,0
BRDA:53420,5934,0,0
BRDA:53420,5934,1,0
BRDA:53422,5935,0,0
BRDA:53422,5935,1,0
BRDA:53434,5936,0,0
BRDA:53434,5936,1,0
BRDA:53435,5937,0,0
BRDA:53435,5937,1,0
BRDA:53445,5938,0,0
BRDA:53445,5938,1,0
BRDA:53452,5939,0,0
BRDA:53452,5939,1,0
BRDA:53461,5940,0,0
BRDA:53461,5940,1,0
BRDA:53467,5941,0,0
BRDA:53467,5941,1,0
BRDA:53475,5942,0,0
BRDA:53475,5942,1,0
BRDA:53492,5943,0,0
BRDA:53492,5943,1,0
BRDA:53499,5944,0,0
BRDA:53499,5944,1,0
BRDA:53507,5945,0,0
BRDA:53507,5945,1,0
BRDA:53513,5946,0,0
BRDA:53513,5946,1,0
BRDA:53520,5947,0,0
BRDA:53520,5947,1,0
BRDA:53532,5948,0,0
BRDA:53532,5948,1,0
BRDA:53538,5949,0,0
BRDA:53538,5949,1,0
BRDA:53559,5950,0,0
BRDA:53559,5950,1,0
BRDA:53560,5951,0,0
BRDA:53560,5951,1,0
BRDA:53569,5952,0,0
BRDA:53569,5952,1,0
BRDA:53571,5953,0,0
BRDA:53571,5953,1,0
BRDA:53572,5954,0,0
BRDA:53572,5954,1,0
BRDA:53572,5954,2,0
BRDA:53584,5955,0,0
BRDA:53584,5955,1,0
BRDA:53586,5956,0,0
BRDA:53586,5956,1,0
BRDA:53587,5957,0,0
BRDA:53587,5957,1,0
BRDA:53600,5958,0,0
BRDA:53600,5958,1,0
BRDA:53602,5959,0,0
BRDA:53602,5959,1,0
BRDA:53606,5960,0,0
BRDA:53606,5960,1,0
BRDA:53608,5961,0,0
BRDA:53608,5961,1,0
BRDA:53611,5962,0,0
BRDA:53611,5962,1,0
BRDA:53611,5963,0,0
BRDA:53611,5963,1,0
BRDA:53619,5964,0,0
BRDA:53619,5964,1,0
BRF:13042
BRH:0
end_of_record
TN:
SF:src/components/Addlink/AddLink.tsx
FNF:0
FNH:0
LF:0
LH:0
BRF:0
BRH:0
end_of_record
TN:
SF:src/components/Addlink/Addnewlink.tsx
FN:34,AddnewLink
FN:54,(anonymous_1)
FN:59,(anonymous_2)
FN:84,(anonymous_3)
FN:99,(anonymous_4)
FN:103,(anonymous_5)
FN:143,(anonymous_6)
FNF:7
FNH:0
FNDA:0,AddnewLink
FNDA:0,(anonymous_1)
FNDA:0,(anonymous_2)
FNDA:0,(anonymous_3)
FNDA:0,(anonymous_4)
FNDA:0,(anonymous_5)
FNDA:0,(anonymous_6)
DA:50,0
DA:52,0
DA:55,0
DA:59,0
DA:84,0
DA:100,0
DA:104,0
DA:143,0
LF:8
LH:0
BRDA:74,0,0,0
BRDA:74,0,1,0
BRDA:82,1,0,0
BRDA:82,1,1,0
BRDA:88,2,0,0
BRDA:88,2,1,0
BRDA:90,3,0,0
BRDA:90,3,1,0
BRDA:136,4,0,0
BRDA:136,4,1,0
BRDA:146,5,0,0
BRDA:146,5,1,0
BRDA:151,6,0,0
BRDA:151,6,1,0
BRF:14
BRH:0
end_of_record
TN:
SF:src/components/Button/Button.tsx
FN:16,Button
FNF:1
FNH:0
FNDA:0,Button
DA:18,0
DA:21,0
LF:2
LH:0
BRF:0
BRH:0
end_of_record
TN:
SF:src/components/Dropdown/Dropdown.tsx
FNF:0
FNH:0
LF:0
LH:0
BRF:0
BRH:0
end_of_record
TN:
SF:src/components/Input/InputField.tsx
FN:28,InputField
FNF:1
FNH:0
FNDA:0,InputField
DA:30,0
DA:33,0
LF:2
LH:0
BRDA:34,0,0,0
BRDA:34,0,1,0
BRDA:35,1,0,0
BRDA:35,1,1,0
BRDA:50,2,0,0
BRDA:50,2,1,0
BRDA:57,3,0,0
BRDA:57,3,1,0
BRF:8
BRH:0
end_of_record
TN:
SF:src/components/Logo/Logo.tsx
FN:10,Logo
FNF:1
FNH:0
FNDA:0,Logo
DA:11,0
DA:12,0
LF:2
LH:0
BRDA:14,0,0,0
BRDA:14,0,1,0
BRF:2
BRH:0
end_of_record
TN:
SF:src/components/Tabs/Tabs.tsx
FN:19,Tabs
FNF:1
FNH:0
FNDA:0,Tabs
DA:21,0
DA:23,0
LF:2
LH:0
BRF:0
BRH:0
end_of_record
TN:
SF:src/components/Text/Text.tsx
FN:9,MHeader
FN:16,SHeader
FN:23,MBody
FN:30,SBody
FNF:4
FNH:0
FNDA:0,MHeader
FNDA:0,SHeader
FNDA:0,MBody
FNDA:0,SBody
DA:10,0
DA:11,0
DA:17,0
DA:18,0
DA:24,0
DA:25,0
DA:31,0
DA:32,0
LF:8
LH:0
BRF:0
BRH:0
end_of_record
TN:
SF:src/components/Uploadimage/UploadImage.tsx
FN:18,UploadImage
FNF:1
FNH:0
FNDA:0,UploadImage
DA:20,0
DA:22,0
LF:2
LH:0
BRDA:24,0,0,0
BRDA:24,0,1,0
BRDA:25,1,0,0
BRDA:25,1,1,0
BRDA:27,2,0,0
BRDA:27,2,1,0
BRDA:28,3,0,0
BRDA:28,3,1,0
BRDA:28,4,0,0
BRDA:28,4,1,0
BRDA:41,5,0,0
BRDA:41,5,1,0
BRDA:43,6,0,0
BRDA:43,6,1,0
BRDA:43,6,2,0
BRF:15
BRH:0
end_of_record
TN:
SF:src/components/notification/Notification.tsx
FN:10,Notification
FNF:1
FNH:0
FNDA:0,Notification
DA:11,0
DA:12,0
LF:2
LH:0
BRF:0
BRH:0
end_of_record
TN:
SF:src/context/AuthProvider.tsx
FN:15,(anonymous_0)
FN:17,(anonymous_1)
FN:26,(anonymous_2)
FN:42,(anonymous_3)
FNF:4
FNH:0
FNDA:0,(anonymous_0)
FNDA:0,(anonymous_1)
FNDA:0,(anonymous_2)
FNDA:0,(anonymous_3)
DA:13,0
DA:20,0
DA:26,0
DA:28,0
DA:29,0
DA:31,0
DA:35,0
DA:42,0
LF:8
LH:0
BRDA:31,0,0,0
BRDA:31,0,1,0
BRF:2
BRH:0
end_of_record
TN:
SF:src/hooks/useAuth.ts
FN:4,(anonymous_0)
FN:7,(anonymous_1)
FNF:2
FNH:0
FNDA:0,(anonymous_0)
FNDA:0,(anonymous_1)
DA:4,0
DA:5,0
DA:7,0
DA:8,0
LF:4
LH:0
BRDA:7,0,0,0
BRDA:7,0,1,0
BRF:2
BRH:0
end_of_record
TN:
SF:src/hooks/useAxiosPrivate.ts
FNF:0
FNH:0
LF:0
LH:0
BRF:0
BRH:0
end_of_record
TN:
SF:src/hooks/useLogout.ts
FN:4,(anonymous_0)
FN:7,(anonymous_1)
FNF:2
FNH:0
FNDA:0,(anonymous_0)
FNDA:0,(anonymous_1)
DA:4,0
DA:5,0
DA:7,0
DA:8,0
DA:9,0
DA:10,0
DA:14,0
DA:18,0
LF:8
LH:0
BRF:0
BRH:0
end_of_record
TN:
SF:src/hooks/useRefreshToken.ts
FN:4,(anonymous_0)
FN:7,(anonymous_1)
FN:13,(anonymous_2)
FNF:3
FNH:0
FNDA:0,(anonymous_0)
FNDA:0,(anonymous_1)
FNDA:0,(anonymous_2)
DA:4,0
DA:5,0
DA:7,0
DA:9,0
DA:13,0
DA:14,0
DA:23,0
DA:26,0
LF:8
LH:0
BRF:0
BRH:0
end_of_record
TN:
SF:src/pages/Auth.tsx
FN:21,Auth
FN:46,(anonymous_1)
FN:50,(anonymous_2)
FN:54,(anonymous_3)
FN:59,(anonymous_4)
FN:71,(anonymous_5)
FN:136,(anonymous_6)
FN:137,(anonymous_7)
FN:157,(anonymous_8)
FN:162,(anonymous_9)
FN:163,(anonymous_10)
FN:176,(anonymous_11)
FN:181,(anonymous_12)
FN:182,(anonymous_13)
FNF:14
FNH:0
FNDA:0,Auth
FNDA:0,(anonymous_1)
FNDA:0,(anonymous_2)
FNDA:0,(anonymous_3)
FNDA:0,(anonymous_4)
FNDA:0,(anonymous_5)
FNDA:0,(anonymous_6)
FNDA:0,(anonymous_7)
FNDA:0,(anonymous_8)
FNDA:0,(anonymous_9)
FNDA:0,(anonymous_10)
FNDA:0,(anonymous_11)
FNDA:0,(anonymous_12)
FNDA:0,(anonymous_13)
DA:17,0
DA:18,0
DA:23,0
DA:24,0
DA:25,0
DA:27,0
DA:28,0
DA:29,0
DA:31,0
DA:32,0
DA:33,0
DA:35,0
DA:36,0
DA:37,0
DA:39,0
DA:46,0
DA:47,0
DA:50,0
DA:51,0
DA:54,0
DA:55,0
DA:56,0
DA:59,0
DA:60,0
DA:67,0
DA:68,0
DA:69,0
DA:71,0
DA:73,0
DA:75,0
DA:76,0
DA:77,0
DA:78,0
DA:79,0
DA:84,0
DA:87,0
DA:88,0
DA:90,0
DA:91,0
DA:92,0
DA:95,0
DA:96,0
DA:102,0
DA:103,0
DA:113,0
DA:136,0
DA:137,0
DA:157,0
DA:162,0
DA:163,0
DA:176,0
DA:181,0
DA:182,0
LF:53
LH:0
BRDA:67,0,0,0
BRDA:67,0,1,0
BRDA:67,0,2,0
BRDA:68,1,0,0
BRDA:68,1,1,0
BRDA:69,2,0,0
BRDA:69,2,1,0
BRDA:78,3,0,0
BRDA:78,3,1,0
BRDA:78,4,0,0
BRDA:78,4,1,0
BRDA:80,5,0,0
BRDA:80,5,1,0
BRDA:81,6,0,0
BRDA:81,6,1,0
BRDA:82,7,0,0
BRDA:82,7,1,0
BRDA:95,8,0,0
BRDA:95,8,1,0
BRDA:139,9,0,0
BRDA:139,9,1,0
BRDA:160,10,0,0
BRDA:160,10,1,0
BRDA:179,11,0,0
BRDA:179,11,1,0
BRDA:196,12,0,0
BRDA:196,12,1,0
BRDA:196,13,0,0
BRDA:196,13,1,0
BRDA:196,13,2,0
BRF:30
BRH:0
end_of_record
TN:
SF:src/pages/Login.tsx
FN:19,Login
FN:36,(anonymous_1)
FN:40,(anonymous_2)
FN:44,(anonymous_3)
FN:56,(anonymous_4)
FN:85,(anonymous_5)
FN:86,(anonymous_6)
FN:90,(anonymous_7)
FN:117,(anonymous_8)
FN:136,(anonymous_9)
FNF:10
FNH:0
FNDA:0,Login
FNDA:0,(anonymous_1)
FNDA:0,(anonymous_2)
FNDA:0,(anonymous_3)
FNDA:0,(anonymous_4)
FNDA:0,(anonymous_5)
FNDA:0,(anonymous_6)
FNDA:0,(anonymous_7)
FNDA:0,(anonymous_8)
FNDA:0,(anonymous_9)
DA:17,0
DA:20,0
DA:23,0
DA:24,0
DA:25,0
DA:27,0
DA:28,0
DA:29,0
DA:31,0
DA:32,0
DA:33,0
DA:34,0
DA:36,0
DA:37,0
DA:40,0
DA:41,0
DA:44,0
DA:45,0
DA:47,0
DA:56,0
DA:57,0
DA:60,0
DA:62,0
DA:63,0
DA:68,0
DA:69,0
DA:70,0
DA:72,0
DA:73,0
DA:74,0
DA:75,0
DA:76,0
DA:77,0
DA:79,0
DA:81,0
DA:85,0
DA:86,0
DA:90,0
DA:91,0
DA:94,0
DA:117,0
DA:136,0
LF:42
LH:0
BRDA:25,0,0,0
BRDA:25,0,1,0
BRDA:57,1,0,0
BRDA:57,1,1,0
BRDA:72,2,0,0
BRDA:72,2,1,0
BRDA:74,3,0,0
BRDA:74,3,1,0
BRDA:76,4,0,0
BRDA:76,4,1,0
BRDA:147,5,0,0
BRDA:147,5,1,0
BRDA:147,6,0,0
BRDA:147,6,1,0
BRF:14
BRH:0
end_of_record
TN:
SF:src/pages/Customize/CustomeLink.tsx
FN:20,CustomeLink
FN:79,(anonymous_1)
FN:81,(anonymous_2)
FN:122,(anonymous_3)
FN:127,(anonymous_4)
FN:130,(anonymous_5)
FN:154,(anonymous_6)
FN:163,(anonymous_7)
FN:166,(anonymous_8)
FN:188,(anonymous_9)
FN:194,(anonymous_10)
FN:206,(anonymous_11)
FN:214,(anonymous_12)
FN:228,(anonymous_13)
FN:232,(anonymous_14)
FN:242,(anonymous_15)
FN:250,(anonymous_16)
FNF:17
FNH:0
FNDA:0,CustomeLink
FNDA:0,(anonymous_1)
FNDA:0,(anonymous_2)
FNDA:0,(anonymous_3)
FNDA:0,(anonymous_4)
FNDA:0,(anonymous_5)
FNDA:0,(anonymous_6)
FNDA:0,(anonymous_7)
FNDA:0,(anonymous_8)
FNDA:0,(anonymous_9)
FNDA:0,(anonymous_10)
FNDA:0,(anonymous_11)
FNDA:0,(anonymous_12)
FNDA:0,(anonymous_13)
FNDA:0,(anonymous_14)
FNDA:0,(anonymous_15)
FNDA:0,(anonymous_16)
DA:22,0
DA:25,0
DA:30,0
DA:39,0
DA:79,0
DA:80,0
DA:81,0
DA:91,0
DA:92,0
DA:104,0
DA:105,0
DA:107,0
DA:108,0
DA:122,0
DA:123,0
DA:127,0
DA:130,0
DA:133,0
DA:134,0
DA:135,0
DA:154,0
DA:163,0
DA:164,0
DA:166,0
DA:168,0
DA:169,0
DA:170,0
DA:179,0
DA:181,0
DA:182,0
DA:188,0
DA:192,0
DA:194,0
DA:195,0
DA:196,0
DA:200,0
DA:206,0
DA:207,0
DA:214,0
DA:219,0
DA:222,0
DA:228,0
DA:230,0
DA:232,0
DA:234,0
DA:235,0
DA:236,0
DA:237,0
DA:238,0
DA:242,0
DA:245,0
DA:246,0
DA:247,0
DA:250,0
DA:259,0
DA:262,0
DA:263,0
DA:271,0
LF:58
LH:0
BRDA:80,0,0,0
BRDA:80,0,1,0
BRDA:123,1,0,0
BRDA:123,1,1,0
BRDA:133,2,0,0
BRDA:133,2,1,0
BRDA:164,3,0,0
BRDA:164,3,1,0
BRDA:169,4,0,0
BRDA:169,4,1,0
BRDA:234,5,0,0
BRDA:234,5,1,0
BRDA:245,6,0,0
BRDA:245,6,1,0
BRDA:280,7,0,0
BRDA:280,7,1,0
BRDA:288,8,0,0
BRDA:288,8,1,0
BRDA:288,8,2,0
BRDA:288,8,3,0
BRDA:305,9,0,0
BRDA:305,9,1,0
BRDA:305,9,2,0
BRF:23
BRH:0
end_of_record
TN:
SF:src/pages/Customize/Customize.tsx
FN:19,Customize
FN:30,(anonymous_1)
FN:34,(anonymous_2)
FN:55,(anonymous_3)
FN:62,(anonymous_4)
FNF:5
FNH:0
FNDA:0,Customize
FNDA:0,(anonymous_1)
FNDA:0,(anonymous_2)
FNDA:0,(anonymous_3)
FNDA:0,(anonymous_4)
DA:20,0
DA:23,0
DA:24,0
DA:26,0
DA:30,0
DA:31,0
DA:34,0
DA:35,0
DA:40,0
DA:41,0
DA:43,0
DA:55,0
DA:62,0
LF:13
LH:0
BRDA:81,0,0,0
BRDA:81,0,1,0
BRF:2
BRH:0
end_of_record
TN:
SF:src/pages/Customize/PhonePreview.tsx
FN:15,PhonePreview
FN:28,(anonymous_1)
FN:118,(anonymous_2)
FNF:3
FNH:0
FNDA:0,PhonePreview
FNDA:0,(anonymous_1)
FNDA:0,(anonymous_2)
DA:17,0
DA:21,0
DA:28,0
DA:29,0
DA:30,0
DA:41,0
DA:43,0
DA:44,0
DA:48,0
DA:51,0
DA:54,0
DA:57,0
DA:119,0
LF:13
LH:0
BRDA:29,0,0,0
BRDA:29,0,1,0
BRDA:43,1,0,0
BRDA:43,1,1,0
BRDA:75,2,0,0
BRDA:75,2,1,0
BRDA:91,3,0,0
BRDA:91,3,1,0
BRDA:99,4,0,0
BRDA:99,4,1,0
BRDA:107,5,0,0
BRDA:107,5,1,0
BRDA:117,6,0,0
BRDA:117,6,1,0
BRDA:119,7,0,0
BRDA:119,7,1,0
BRDA:119,7,2,0
BRDA:154,8,0,0
BRDA:154,8,1,0
BRF:19
BRH:0
end_of_record
TN:
SF:src/pages/Preview/Preview.tsx
FN:14,Preview
FN:27,(anonymous_1)
FN:36,(anonymous_2)
FN:68,(anonymous_3)
FNF:4
FNH:0
FNDA:0,Preview
FNDA:0,(anonymous_1)
FNDA:0,(anonymous_2)
FNDA:0,(anonymous_3)
DA:16,0
DA:20,0
DA:22,0
DA:27,0
DA:28,0
DA:29,0
DA:36,0
DA:37,0
DA:40,0
DA:42,0
DA:44,0
DA:69,0
LF:12
LH:0
BRDA:28,0,0,0
BRDA:28,0,1,0
BRDA:60,1,0,0
BRDA:60,1,1,0
BRF:4
BRH:0
end_of_record
TN:
SF:src/pages/Profile/Profile.tsx
FN:21,Profile
FN:38,(anonymous_1)
FN:55,(anonymous_2)
FN:65,(anonymous_3)
FN:73,(anonymous_4)
FN:89,(anonymous_5)
FNF:6
FNH:0
FNDA:0,Profile
FNDA:0,(anonymous_1)
FNDA:0,(anonymous_2)
FNDA:0,(anonymous_3)
FNDA:0,(anonymous_4)
FNDA:0,(anonymous_5)
DA:23,0
DA:25,0
DA:27,0
DA:33,0
DA:34,0
DA:35,0
DA:36,0
DA:38,0
DA:39,0
DA:42,0
DA:55,0
DA:56,0
DA:57,0
DA:62,0
DA:65,0
DA:67,0
DA:68,0
DA:71,0
DA:72,0
DA:73,0
DA:74,0
DA:75,0
DA:78,0
DA:82,0
DA:89,0
DA:90,0
DA:91,0
DA:92,0
DA:93,0
DA:95,0
DA:101,0
LF:31
LH:0
BRDA:67,0,0,0
BRDA:67,0,1,0
BRDA:71,1,0,0
BRDA:71,1,1,0
BRDA:74,2,0,0
BRDA:74,2,1,0
BRF:6
BRH:0
end_of_record
TN:
SF:src/pages/auth/Layout.jsx
FN:3,(anonymous_0)
FNF:1
FNH:0
FNDA:0,(anonymous_0)
DA:3,0
DA:4,0
LF:2
LH:0
BRF:0
BRH:0
end_of_record
TN:
SF:src/pages/auth/Missing.jsx
FN:3,(anonymous_0)
FNF:1
FNH:0
FNDA:0,(anonymous_0)
DA:3,0
DA:4,0
LF:2
LH:0
BRF:0
BRH:0
end_of_record
TN:
SF:src/pages/auth/PersistLogin.jsx
FN:6,(anonymous_0)
FN:11,(anonymous_1)
FN:14,(anonymous_2)
FN:29,(anonymous_3)
FNF:4
FNH:0
FNDA:0,(anonymous_0)
FNDA:0,(anonymous_1)
FNDA:0,(anonymous_2)
FNDA:0,(anonymous_3)
DA:6,0
DA:7,0
DA:8,0
DA:9,0
DA:11,0
DA:12,0
DA:14,0
DA:15,0
DA:16,0
DA:19,0
DA:22,0
DA:27,0
DA:29,0
DA:34,0
LF:14
LH:0
BRDA:22,0,0,0
BRDA:22,0,1,0
BRDA:27,1,0,0
BRDA:27,1,1,0
BRDA:27,2,0,0
BRDA:27,2,1,0
BRDA:36,3,0,0
BRDA:36,3,1,0
BRDA:38,4,0,0
BRDA:38,4,1,0
BRF:10
BRH:0
end_of_record
TN:
SF:src/pages/auth/RequireAuth.jsx
FN:4,(anonymous_0)
FNF:1
FNH:0
FNDA:0,(anonymous_0)
DA:4,0
DA:5,0
DA:7,0
LF:3
LH:0
BRDA:8,0,0,0
BRDA:8,0,1,0
BRF:2
BRH:0
end_of_record
TN:
SF:src/private/PrivateRoute.tsx
FN:7,(anonymous_0)
FNF:1
FNH:0
FNDA:0,(anonymous_0)
DA:7,0
DA:9,0
DA:11,0
LF:3
LH:0
BRDA:11,0,0,0
BRDA:11,0,1,0
BRF:2
BRH:0
end_of_record
TN:
SF:src/state/store.ts
FN:19,(anonymous_0)
FNF:1
FNH:0
FNDA:0,(anonymous_0)
DA:10,0
DA:20,0
LF:2
LH:0
BRF:0
BRH:0
end_of_record
TN:
SF:src/state/inputs/dropdownSlice.ts
FN:17,(anonymous_0)
FN:24,(anonymous_1)
FNF:2
FNH:0
FNDA:0,(anonymous_0)
FNDA:0,(anonymous_1)
DA:13,0
DA:20,0
DA:25,0
DA:26,0
DA:27,0
DA:28,0
DA:34,0
LF:7
LH:0
BRF:0
BRH:0
end_of_record
TN:
SF:src/state/inputs/mergedValuesSlice.ts
FN:23,(anonymous_0)
FNF:1
FNH:0
FNDA:0,(anonymous_0)
DA:7,0
DA:19,0
DA:24,0
DA:29,0
LF:4
LH:0
BRF:0
BRH:0
end_of_record
TN:
SF:src/state/link/linkSlice.ts
FN:17,(anonymous_0)
FN:20,(anonymous_1)
FN:22,(anonymous_2)
FN:24,(anonymous_3)
FN:34,(anonymous_4)
FN:35,(anonymous_5)
FN:42,(anonymous_6)
FNF:7
FNH:0
FNDA:0,(anonymous_0)
FNDA:0,(anonymous_1)
FNDA:0,(anonymous_2)
FNDA:0,(anonymous_3)
FNDA:0,(anonymous_4)
FNDA:0,(anonymous_5)
FNDA:0,(anonymous_6)
DA:6,0
DA:13,0
DA:18,0
DA:21,0
DA:22,0
DA:23,0
DA:24,0
DA:26,0
DA:27,0
DA:30,0
DA:35,0
DA:40,0
DA:42,0
LF:13
LH:0
BRDA:26,0,0,0
BRDA:26,0,1,0
BRF:2
BRH:0
end_of_record
TN:
SF:src/state/link/promptSlice.ts
FN:24,(anonymous_0)
FN:38,(anonymous_1)
FN:52,(anonymous_2)
FN:69,(anonymous_3)
FN:70,(anonymous_4)
FN:73,(anonymous_5)
FN:82,(anonymous_6)
FN:88,(anonymous_7)
FN:97,(anonymous_8)
FN:112,(anonymous_9)
FNF:10
FNH:0
FNDA:0,(anonymous_0)
FNDA:0,(anonymous_1)
FNDA:0,(anonymous_2)
FNDA:0,(anonymous_3)
FNDA:0,(anonymous_4)
FNDA:0,(anonymous_5)
FNDA:0,(anonymous_6)
FNDA:0,(anonymous_7)
FNDA:0,(anonymous_8)
FNDA:0,(anonymous_9)
DA:14,0
DA:20,0
DA:22,0
DA:25,0
DA:26,0
DA:27,0
DA:29,0
DA:36,0
DA:39,0
DA:40,0
DA:41,0
DA:43,0
DA:50,0
DA:53,0
DA:54,0
DA:55,0
DA:56,0
DA:58,0
DA:65,0
DA:70,0
DA:71,0
DA:73,0
DA:74,0
DA:82,0
DA:83,0
DA:84,0
DA:85,0
DA:88,0
DA:89,0
DA:97,0
DA:98,0
DA:112,0
LF:32
LH:0
BRF:0
BRH:0
end_of_record
TN:
SF:src/state/user/authSlice.ts
FN:26,(anonymous_0)
FN:43,(anonymous_1)
FN:80,(anonymous_2)
FN:82,(anonymous_3)
FN:86,(anonymous_4)
FN:92,(anonymous_5)
FN:96,(anonymous_6)
FN:99,(anonymous_7)
FN:103,(anonymous_8)
FN:113,(anonymous_9)
FN:114,(anonymous_10)
FN:115,(anonymous_11)
FNF:12
FNH:0
FNDA:0,(anonymous_0)
FNDA:0,(anonymous_1)
FNDA:0,(anonymous_2)
FNDA:0,(anonymous_3)
FNDA:0,(anonymous_4)
FNDA:0,(anonymous_5)
FNDA:0,(anonymous_6)
FNDA:0,(anonymous_7)
FNDA:0,(anonymous_8)
FNDA:0,(anonymous_9)
FNDA:0,(anonymous_10)
FNDA:0,(anonymous_11)
DA:18,0
DA:19,0
DA:24,0
DA:27,0
DA:28,0
DA:29,0
DA:31,0
DA:33,0
DA:41,0
DA:44,0
DA:45,0
DA:46,0
DA:48,0
DA:50,0
DA:51,0
DA:53,0
DA:55,0
DA:68,0
DA:76,0
DA:81,0
DA:83,0
DA:87,0
DA:88,0
DA:89,0
DA:93,0
DA:94,0
DA:97,0
DA:100,0
DA:101,0
DA:102,0
DA:104,0
DA:105,0
DA:106,0
DA:113,0
DA:114,0
DA:115,0
LF:36
LH:0
BRDA:48,0,0,0
BRDA:48,0,1,0
BRDA:48,1,0,0
BRDA:48,1,1,0
BRDA:48,1,2,0
BRDA:94,2,0,0
BRDA:94,2,1,0
BRDA:106,3,0,0
BRDA:106,3,1,0
BRF:9
BRH:0
end_of_record
TN:
SF:src/state/user/userSlice.ts
FN:49,(anonymous_0)
FN:74,(anonymous_1)
FN:120,(anonymous_2)
FN:121,(anonymous_3)
FN:124,(anonymous_4)
FN:127,(anonymous_5)
FN:130,(anonymous_6)
FN:139,(anonymous_7)
FNF:8
FNH:0
FNDA:0,(anonymous_0)
FNDA:0,(anonymous_1)
FNDA:0,(anonymous_2)
FNDA:0,(anonymous_3)
FNDA:0,(anonymous_4)
FNDA:0,(anonymous_5)
FNDA:0,(anonymous_6)
FNDA:0,(anonymous_7)
DA:22,0
DA:35,0
DA:42,0
DA:43,0
DA:44,0
DA:47,0
DA:50,0
DA:51,0
DA:52,0
DA:54,0
DA:72,0
DA:75,0
DA:76,0
DA:77,0
DA:79,0
DA:116,0
DA:121,0
DA:122,0
DA:124,0
DA:125,0
DA:127,0
DA:128,0
DA:130,0
DA:131,0
DA:139,0
LF:25
LH:0
BRF:0
BRH:0
end_of_record
